
fivebyfive_scrolltext.elf:     file format elf32-avr

Sections:
Idx Name          Size      VMA       LMA       File off  Algn
  0 .text         00000ca6  00000000  00000000  00000094  2**1
                  CONTENTS, ALLOC, LOAD, READONLY, CODE
  1 .data         00000024  00800060  00000ca6  00000d3a  2**0
                  CONTENTS, ALLOC, LOAD, DATA
  2 .bss          0000000c  00800084  00800084  00000d5e  2**0
                  ALLOC
  3 .stab         000006b4  00000000  00000000  00000d60  2**2
                  CONTENTS, READONLY, DEBUGGING
  4 .stabstr      00000054  00000000  00000000  00001414  2**0
                  CONTENTS, READONLY, DEBUGGING

Disassembly of section .text:

00000000 <__vectors>:
   0:	0e c0       	rjmp	.+28     	; 0x1e <__ctors_end>
   2:	28 c0       	rjmp	.+80     	; 0x54 <__bad_interrupt>
   4:	27 c0       	rjmp	.+78     	; 0x54 <__bad_interrupt>
   6:	26 c0       	rjmp	.+76     	; 0x54 <__bad_interrupt>
   8:	25 c0       	rjmp	.+74     	; 0x54 <__bad_interrupt>
   a:	24 c0       	rjmp	.+72     	; 0x54 <__bad_interrupt>
   c:	23 c0       	rjmp	.+70     	; 0x54 <__bad_interrupt>
   e:	22 c0       	rjmp	.+68     	; 0x54 <__bad_interrupt>
  10:	21 c0       	rjmp	.+66     	; 0x54 <__bad_interrupt>
  12:	20 c0       	rjmp	.+64     	; 0x54 <__bad_interrupt>
  14:	1f c0       	rjmp	.+62     	; 0x54 <__bad_interrupt>
  16:	1e c0       	rjmp	.+60     	; 0x54 <__bad_interrupt>
  18:	1d c0       	rjmp	.+58     	; 0x54 <__bad_interrupt>
  1a:	1c c0       	rjmp	.+56     	; 0x54 <__bad_interrupt>
  1c:	1b c0       	rjmp	.+54     	; 0x54 <__bad_interrupt>

0000001e <__ctors_end>:
  1e:	11 24       	eor	r1, r1
  20:	1f be       	out	0x3f, r1	; 63
  22:	cf e5       	ldi	r28, 0x5F	; 95
  24:	d2 e0       	ldi	r29, 0x02	; 2
  26:	de bf       	out	0x3e, r29	; 62
  28:	cd bf       	out	0x3d, r28	; 61

0000002a <__do_copy_data>:
  2a:	10 e0       	ldi	r17, 0x00	; 0
  2c:	a0 e6       	ldi	r26, 0x60	; 96
  2e:	b0 e0       	ldi	r27, 0x00	; 0
  30:	e6 ea       	ldi	r30, 0xA6	; 166
  32:	fc e0       	ldi	r31, 0x0C	; 12
  34:	02 c0       	rjmp	.+4      	; 0x3a <.do_copy_data_start>

00000036 <.do_copy_data_loop>:
  36:	05 90       	lpm	r0, Z+
  38:	0d 92       	st	X+, r0

0000003a <.do_copy_data_start>:
  3a:	a4 38       	cpi	r26, 0x84	; 132
  3c:	b1 07       	cpc	r27, r17
  3e:	d9 f7       	brne	.-10     	; 0x36 <.do_copy_data_loop>

00000040 <__do_clear_bss>:
  40:	10 e0       	ldi	r17, 0x00	; 0
  42:	a4 e8       	ldi	r26, 0x84	; 132
  44:	b0 e0       	ldi	r27, 0x00	; 0
  46:	01 c0       	rjmp	.+2      	; 0x4a <.do_clear_bss_start>

00000048 <.do_clear_bss_loop>:
  48:	1d 92       	st	X+, r1

0000004a <.do_clear_bss_start>:
  4a:	a0 39       	cpi	r26, 0x90	; 144
  4c:	b1 07       	cpc	r27, r17
  4e:	e1 f7       	brne	.-8      	; 0x48 <.do_clear_bss_loop>
  50:	10 d3       	rcall	.+1568   	; 0x672 <main>
  52:	27 c6       	rjmp	.+3150   	; 0xca2 <_exit>

00000054 <__bad_interrupt>:
  54:	d5 cf       	rjmp	.-86     	; 0x0 <__vectors>

00000056 <_ZL10output_lowh>:
  56:	28 2f       	mov	r18, r24
  58:	88 50       	subi	r24, 0x08	; 8
  5a:	88 30       	cpi	r24, 0x08	; 8
  5c:	70 f4       	brcc	.+28     	; 0x7a <_ZL10output_lowh+0x24>
  5e:	48 b3       	in	r20, 0x18	; 24
  60:	30 e0       	ldi	r19, 0x00	; 0
  62:	28 50       	subi	r18, 0x08	; 8
  64:	30 40       	sbci	r19, 0x00	; 0
  66:	81 e0       	ldi	r24, 0x01	; 1
  68:	90 e0       	ldi	r25, 0x00	; 0
  6a:	02 c0       	rjmp	.+4      	; 0x70 <_ZL10output_lowh+0x1a>
  6c:	88 0f       	add	r24, r24
  6e:	99 1f       	adc	r25, r25
  70:	2a 95       	dec	r18
  72:	e2 f7       	brpl	.-8      	; 0x6c <_ZL10output_lowh+0x16>
  74:	80 95       	com	r24
  76:	84 23       	and	r24, r20
  78:	88 bb       	out	0x18, r24	; 24
  7a:	08 95       	ret

0000007c <_ZL13output_enableh>:
  7c:	28 2f       	mov	r18, r24
  7e:	88 50       	subi	r24, 0x08	; 8
  80:	88 30       	cpi	r24, 0x08	; 8
  82:	68 f4       	brcc	.+26     	; 0x9e <_ZL13output_enableh+0x22>
  84:	47 b3       	in	r20, 0x17	; 23
  86:	30 e0       	ldi	r19, 0x00	; 0
  88:	28 50       	subi	r18, 0x08	; 8
  8a:	30 40       	sbci	r19, 0x00	; 0
  8c:	81 e0       	ldi	r24, 0x01	; 1
  8e:	90 e0       	ldi	r25, 0x00	; 0
  90:	02 c0       	rjmp	.+4      	; 0x96 <_ZL13output_enableh+0x1a>
  92:	88 0f       	add	r24, r24
  94:	99 1f       	adc	r25, r25
  96:	2a 95       	dec	r18
  98:	e2 f7       	brpl	.-8      	; 0x92 <_ZL13output_enableh+0x16>
  9a:	48 2b       	or	r20, r24
  9c:	47 bb       	out	0x17, r20	; 23
  9e:	08 95       	ret

000000a0 <_ZL14output_disableh>:
  a0:	28 2f       	mov	r18, r24
  a2:	88 50       	subi	r24, 0x08	; 8
  a4:	88 30       	cpi	r24, 0x08	; 8
  a6:	70 f4       	brcc	.+28     	; 0xc4 <_ZL14output_disableh+0x24>
  a8:	47 b3       	in	r20, 0x17	; 23
  aa:	30 e0       	ldi	r19, 0x00	; 0
  ac:	28 50       	subi	r18, 0x08	; 8
  ae:	30 40       	sbci	r19, 0x00	; 0
  b0:	81 e0       	ldi	r24, 0x01	; 1
  b2:	90 e0       	ldi	r25, 0x00	; 0
  b4:	02 c0       	rjmp	.+4      	; 0xba <_ZL14output_disableh+0x1a>
  b6:	88 0f       	add	r24, r24
  b8:	99 1f       	adc	r25, r25
  ba:	2a 95       	dec	r18
  bc:	e2 f7       	brpl	.-8      	; 0xb6 <_ZL14output_disableh+0x16>
  be:	80 95       	com	r24
  c0:	84 23       	and	r24, r20
  c2:	87 bb       	out	0x17, r24	; 23
  c4:	08 95       	ret

000000c6 <_Z8mydelay1h>:
  c6:	df 93       	push	r29
  c8:	cf 93       	push	r28
  ca:	00 d0       	rcall	.+0      	; 0xcc <_Z8mydelay1h+0x6>
  cc:	cd b7       	in	r28, 0x3d	; 61
  ce:	de b7       	in	r29, 0x3e	; 62
  d0:	1a 82       	std	Y+2, r1	; 0x02
  d2:	19 82       	std	Y+1, r1	; 0x01
  d4:	0b c0       	rjmp	.+22     	; 0xec <_Z8mydelay1h+0x26>
  d6:	20 e0       	ldi	r18, 0x00	; 0
  d8:	30 e0       	ldi	r19, 0x00	; 0
  da:	1a 82       	std	Y+2, r1	; 0x02
  dc:	19 82       	std	Y+1, r1	; 0x01
  de:	2f 5f       	subi	r18, 0xFF	; 255
  e0:	3f 4f       	sbci	r19, 0xFF	; 255
  e2:	92 e0       	ldi	r25, 0x02	; 2
  e4:	24 3e       	cpi	r18, 0xE4	; 228
  e6:	39 07       	cpc	r19, r25
  e8:	c1 f7       	brne	.-16     	; 0xda <_Z8mydelay1h+0x14>
  ea:	81 50       	subi	r24, 0x01	; 1
  ec:	88 23       	and	r24, r24
  ee:	99 f7       	brne	.-26     	; 0xd6 <_Z8mydelay1h+0x10>
  f0:	0f 90       	pop	r0
  f2:	0f 90       	pop	r0
  f4:	cf 91       	pop	r28
  f6:	df 91       	pop	r29
  f8:	08 95       	ret

000000fa <_Z9mydelay10h>:
  fa:	df 93       	push	r29
  fc:	cf 93       	push	r28
  fe:	00 d0       	rcall	.+0      	; 0x100 <_Z9mydelay10h+0x6>
 100:	cd b7       	in	r28, 0x3d	; 61
 102:	de b7       	in	r29, 0x3e	; 62
 104:	1a 82       	std	Y+2, r1	; 0x02
 106:	19 82       	std	Y+1, r1	; 0x01
 108:	0b c0       	rjmp	.+22     	; 0x120 <_Z9mydelay10h+0x26>
 10a:	20 e0       	ldi	r18, 0x00	; 0
 10c:	30 e0       	ldi	r19, 0x00	; 0
 10e:	1a 82       	std	Y+2, r1	; 0x02
 110:	19 82       	std	Y+1, r1	; 0x01
 112:	2f 5f       	subi	r18, 0xFF	; 255
 114:	3f 4f       	sbci	r19, 0xFF	; 255
 116:	9c e1       	ldi	r25, 0x1C	; 28
 118:	28 3e       	cpi	r18, 0xE8	; 232
 11a:	39 07       	cpc	r19, r25
 11c:	c1 f7       	brne	.-16     	; 0x10e <_Z9mydelay10h+0x14>
 11e:	81 50       	subi	r24, 0x01	; 1
 120:	88 23       	and	r24, r24
 122:	99 f7       	brne	.-26     	; 0x10a <_Z9mydelay10h+0x10>
 124:	0f 90       	pop	r0
 126:	0f 90       	pop	r0
 128:	cf 91       	pop	r28
 12a:	df 91       	pop	r29
 12c:	08 95       	ret

0000012e <_Z8setpixelhhh>:
 12e:	0f 93       	push	r16
 130:	1f 93       	push	r17
 132:	14 2f       	mov	r17, r20
 134:	e6 2f       	mov	r30, r22
 136:	e8 0f       	add	r30, r24
 138:	66 0f       	add	r22, r22
 13a:	66 0f       	add	r22, r22
 13c:	e6 0f       	add	r30, r22
 13e:	f0 e0       	ldi	r31, 0x00	; 0
 140:	e0 5a       	subi	r30, 0xA0	; 160
 142:	ff 4f       	sbci	r31, 0xFF	; 255
 144:	00 81       	ld	r16, Z
 146:	80 2f       	mov	r24, r16
 148:	82 95       	swap	r24
 14a:	8f 70       	andi	r24, 0x0F	; 15
 14c:	82 30       	cpi	r24, 0x02	; 2
 14e:	19 f1       	breq	.+70     	; 0x196 <_Z8setpixelhhh+0x68>
 150:	83 30       	cpi	r24, 0x03	; 3
 152:	30 f4       	brcc	.+12     	; 0x160 <_Z8setpixelhhh+0x32>
 154:	88 23       	and	r24, r24
 156:	59 f0       	breq	.+22     	; 0x16e <_Z8setpixelhhh+0x40>
 158:	81 30       	cpi	r24, 0x01	; 1
 15a:	09 f0       	breq	.+2      	; 0x15e <_Z8setpixelhhh+0x30>
 15c:	43 c0       	rjmp	.+134    	; 0x1e4 <_Z8setpixelhhh+0xb6>
 15e:	11 c0       	rjmp	.+34     	; 0x182 <_Z8setpixelhhh+0x54>
 160:	84 30       	cpi	r24, 0x04	; 4
 162:	69 f1       	breq	.+90     	; 0x1be <_Z8setpixelhhh+0x90>
 164:	84 30       	cpi	r24, 0x04	; 4
 166:	08 f1       	brcs	.+66     	; 0x1aa <_Z8setpixelhhh+0x7c>
 168:	85 30       	cpi	r24, 0x05	; 5
 16a:	e1 f5       	brne	.+120    	; 0x1e4 <_Z8setpixelhhh+0xb6>
 16c:	32 c0       	rjmp	.+100    	; 0x1d2 <_Z8setpixelhhh+0xa4>
 16e:	44 23       	and	r20, r20
 170:	21 f0       	breq	.+8      	; 0x17a <_Z8setpixelhhh+0x4c>
 172:	88 e0       	ldi	r24, 0x08	; 8
 174:	83 df       	rcall	.-250    	; 0x7c <_ZL13output_enableh>
 176:	c0 9a       	sbi	0x18, 0	; 24
 178:	35 c0       	rjmp	.+106    	; 0x1e4 <_Z8setpixelhhh+0xb6>
 17a:	88 e0       	ldi	r24, 0x08	; 8
 17c:	6c df       	rcall	.-296    	; 0x56 <_ZL10output_lowh>
 17e:	88 e0       	ldi	r24, 0x08	; 8
 180:	30 c0       	rjmp	.+96     	; 0x1e2 <_Z8setpixelhhh+0xb4>
 182:	44 23       	and	r20, r20
 184:	21 f0       	breq	.+8      	; 0x18e <_Z8setpixelhhh+0x60>
 186:	89 e0       	ldi	r24, 0x09	; 9
 188:	79 df       	rcall	.-270    	; 0x7c <_ZL13output_enableh>
 18a:	c1 9a       	sbi	0x18, 1	; 24
 18c:	2b c0       	rjmp	.+86     	; 0x1e4 <_Z8setpixelhhh+0xb6>
 18e:	89 e0       	ldi	r24, 0x09	; 9
 190:	62 df       	rcall	.-316    	; 0x56 <_ZL10output_lowh>
 192:	89 e0       	ldi	r24, 0x09	; 9
 194:	26 c0       	rjmp	.+76     	; 0x1e2 <_Z8setpixelhhh+0xb4>
 196:	44 23       	and	r20, r20
 198:	21 f0       	breq	.+8      	; 0x1a2 <_Z8setpixelhhh+0x74>
 19a:	8a e0       	ldi	r24, 0x0A	; 10
 19c:	6f df       	rcall	.-290    	; 0x7c <_ZL13output_enableh>
 19e:	c2 9a       	sbi	0x18, 2	; 24
 1a0:	21 c0       	rjmp	.+66     	; 0x1e4 <_Z8setpixelhhh+0xb6>
 1a2:	8a e0       	ldi	r24, 0x0A	; 10
 1a4:	58 df       	rcall	.-336    	; 0x56 <_ZL10output_lowh>
 1a6:	8a e0       	ldi	r24, 0x0A	; 10
 1a8:	1c c0       	rjmp	.+56     	; 0x1e2 <_Z8setpixelhhh+0xb4>
 1aa:	44 23       	and	r20, r20
 1ac:	21 f0       	breq	.+8      	; 0x1b6 <_Z8setpixelhhh+0x88>
 1ae:	8b e0       	ldi	r24, 0x0B	; 11
 1b0:	65 df       	rcall	.-310    	; 0x7c <_ZL13output_enableh>
 1b2:	c3 9a       	sbi	0x18, 3	; 24
 1b4:	17 c0       	rjmp	.+46     	; 0x1e4 <_Z8setpixelhhh+0xb6>
 1b6:	8b e0       	ldi	r24, 0x0B	; 11
 1b8:	4e df       	rcall	.-356    	; 0x56 <_ZL10output_lowh>
 1ba:	8b e0       	ldi	r24, 0x0B	; 11
 1bc:	12 c0       	rjmp	.+36     	; 0x1e2 <_Z8setpixelhhh+0xb4>
 1be:	44 23       	and	r20, r20
 1c0:	21 f0       	breq	.+8      	; 0x1ca <_Z8setpixelhhh+0x9c>
 1c2:	8c e0       	ldi	r24, 0x0C	; 12
 1c4:	5b df       	rcall	.-330    	; 0x7c <_ZL13output_enableh>
 1c6:	c4 9a       	sbi	0x18, 4	; 24
 1c8:	0d c0       	rjmp	.+26     	; 0x1e4 <_Z8setpixelhhh+0xb6>
 1ca:	8c e0       	ldi	r24, 0x0C	; 12
 1cc:	44 df       	rcall	.-376    	; 0x56 <_ZL10output_lowh>
 1ce:	8c e0       	ldi	r24, 0x0C	; 12
 1d0:	08 c0       	rjmp	.+16     	; 0x1e2 <_Z8setpixelhhh+0xb4>
 1d2:	44 23       	and	r20, r20
 1d4:	29 f0       	breq	.+10     	; 0x1e0 <_Z8setpixelhhh+0xb2>
 1d6:	8d e0       	ldi	r24, 0x0D	; 13
 1d8:	51 df       	rcall	.-350    	; 0x7c <_ZL13output_enableh>
 1da:	8d e0       	ldi	r24, 0x0D	; 13
 1dc:	3c df       	rcall	.-392    	; 0x56 <_ZL10output_lowh>
 1de:	02 c0       	rjmp	.+4      	; 0x1e4 <_Z8setpixelhhh+0xb6>
 1e0:	8d e0       	ldi	r24, 0x0D	; 13
 1e2:	5e df       	rcall	.-324    	; 0xa0 <_ZL14output_disableh>
 1e4:	e0 2f       	mov	r30, r16
 1e6:	ef 70       	andi	r30, 0x0F	; 15
 1e8:	e2 30       	cpi	r30, 0x02	; 2
 1ea:	e1 f0       	breq	.+56     	; 0x224 <_Z8setpixelhhh+0xf6>
 1ec:	e3 30       	cpi	r30, 0x03	; 3
 1ee:	28 f4       	brcc	.+10     	; 0x1fa <_Z8setpixelhhh+0xcc>
 1f0:	ee 23       	and	r30, r30
 1f2:	41 f0       	breq	.+16     	; 0x204 <_Z8setpixelhhh+0xd6>
 1f4:	e1 30       	cpi	r30, 0x01	; 1
 1f6:	79 f5       	brne	.+94     	; 0x256 <_Z8setpixelhhh+0x128>
 1f8:	0d c0       	rjmp	.+26     	; 0x214 <_Z8setpixelhhh+0xe6>
 1fa:	e3 30       	cpi	r30, 0x03	; 3
 1fc:	d9 f0       	breq	.+54     	; 0x234 <_Z8setpixelhhh+0x106>
 1fe:	e4 30       	cpi	r30, 0x04	; 4
 200:	51 f5       	brne	.+84     	; 0x256 <_Z8setpixelhhh+0x128>
 202:	20 c0       	rjmp	.+64     	; 0x244 <_Z8setpixelhhh+0x116>
 204:	11 23       	and	r17, r17
 206:	21 f0       	breq	.+8      	; 0x210 <_Z8setpixelhhh+0xe2>
 208:	88 e0       	ldi	r24, 0x08	; 8
 20a:	38 df       	rcall	.-400    	; 0x7c <_ZL13output_enableh>
 20c:	88 e0       	ldi	r24, 0x08	; 8
 20e:	1f c0       	rjmp	.+62     	; 0x24e <_Z8setpixelhhh+0x120>
 210:	88 e0       	ldi	r24, 0x08	; 8
 212:	20 c0       	rjmp	.+64     	; 0x254 <_Z8setpixelhhh+0x126>
 214:	11 23       	and	r17, r17
 216:	21 f0       	breq	.+8      	; 0x220 <_Z8setpixelhhh+0xf2>
 218:	89 e0       	ldi	r24, 0x09	; 9
 21a:	30 df       	rcall	.-416    	; 0x7c <_ZL13output_enableh>
 21c:	89 e0       	ldi	r24, 0x09	; 9
 21e:	17 c0       	rjmp	.+46     	; 0x24e <_Z8setpixelhhh+0x120>
 220:	89 e0       	ldi	r24, 0x09	; 9
 222:	18 c0       	rjmp	.+48     	; 0x254 <_Z8setpixelhhh+0x126>
 224:	11 23       	and	r17, r17
 226:	21 f0       	breq	.+8      	; 0x230 <_Z8setpixelhhh+0x102>
 228:	8a e0       	ldi	r24, 0x0A	; 10
 22a:	28 df       	rcall	.-432    	; 0x7c <_ZL13output_enableh>
 22c:	8a e0       	ldi	r24, 0x0A	; 10
 22e:	0f c0       	rjmp	.+30     	; 0x24e <_Z8setpixelhhh+0x120>
 230:	8a e0       	ldi	r24, 0x0A	; 10
 232:	10 c0       	rjmp	.+32     	; 0x254 <_Z8setpixelhhh+0x126>
 234:	11 23       	and	r17, r17
 236:	21 f0       	breq	.+8      	; 0x240 <_Z8setpixelhhh+0x112>
 238:	8b e0       	ldi	r24, 0x0B	; 11
 23a:	20 df       	rcall	.-448    	; 0x7c <_ZL13output_enableh>
 23c:	8b e0       	ldi	r24, 0x0B	; 11
 23e:	07 c0       	rjmp	.+14     	; 0x24e <_Z8setpixelhhh+0x120>
 240:	8b e0       	ldi	r24, 0x0B	; 11
 242:	08 c0       	rjmp	.+16     	; 0x254 <_Z8setpixelhhh+0x126>
 244:	11 23       	and	r17, r17
 246:	29 f0       	breq	.+10     	; 0x252 <_Z8setpixelhhh+0x124>
 248:	8c e0       	ldi	r24, 0x0C	; 12
 24a:	18 df       	rcall	.-464    	; 0x7c <_ZL13output_enableh>
 24c:	8c e0       	ldi	r24, 0x0C	; 12
 24e:	03 df       	rcall	.-506    	; 0x56 <_ZL10output_lowh>
 250:	02 c0       	rjmp	.+4      	; 0x256 <_Z8setpixelhhh+0x128>
 252:	8c e0       	ldi	r24, 0x0C	; 12
 254:	25 df       	rcall	.-438    	; 0xa0 <_ZL14output_disableh>
 256:	1f 91       	pop	r17
 258:	0f 91       	pop	r16
 25a:	08 95       	ret

0000025c <_Z7Refreshv>:
 25c:	bf 92       	push	r11
 25e:	cf 92       	push	r12
 260:	df 92       	push	r13
 262:	ef 92       	push	r14
 264:	ff 92       	push	r15
 266:	0f 93       	push	r16
 268:	1f 93       	push	r17
 26a:	b0 90 89 00 	lds	r11, 0x0089
 26e:	00 e0       	ldi	r16, 0x00	; 0
 270:	02 30       	cpi	r16, 0x02	; 2
 272:	09 f4       	brne	.+2      	; 0x276 <__stack+0x17>
 274:	ab c0       	rjmp	.+342    	; 0x3cc <__stack+0x16d>
 276:	03 30       	cpi	r16, 0x03	; 3
 278:	30 f4       	brcc	.+12     	; 0x286 <__stack+0x27>
 27a:	00 23       	and	r16, r16
 27c:	71 f0       	breq	.+28     	; 0x29a <__stack+0x3b>
 27e:	01 30       	cpi	r16, 0x01	; 1
 280:	09 f0       	breq	.+2      	; 0x284 <__stack+0x25>
 282:	bb c1       	rjmp	.+886    	; 0x5fa <__stack+0x39b>
 284:	5e c0       	rjmp	.+188    	; 0x342 <__stack+0xe3>
 286:	04 30       	cpi	r16, 0x04	; 4
 288:	09 f4       	brne	.+2      	; 0x28c <__stack+0x2d>
 28a:	2d c1       	rjmp	.+602    	; 0x4e6 <__stack+0x287>
 28c:	04 30       	cpi	r16, 0x04	; 4
 28e:	08 f4       	brcc	.+2      	; 0x292 <__stack+0x33>
 290:	e3 c0       	rjmp	.+454    	; 0x458 <__stack+0x1f9>
 292:	05 30       	cpi	r16, 0x05	; 5
 294:	09 f0       	breq	.+2      	; 0x298 <__stack+0x39>
 296:	b1 c1       	rjmp	.+866    	; 0x5fa <__stack+0x39b>
 298:	6b c1       	rjmp	.+726    	; 0x570 <__stack+0x311>
 29a:	80 91 84 00 	lds	r24, 0x0084
 29e:	18 2f       	mov	r17, r24
 2a0:	10 71       	andi	r17, 0x10	; 16
 2a2:	48 e0       	ldi	r20, 0x08	; 8
 2a4:	f4 2e       	mov	r15, r20
 2a6:	f8 22       	and	r15, r24
 2a8:	34 e0       	ldi	r19, 0x04	; 4
 2aa:	e3 2e       	mov	r14, r19
 2ac:	e8 22       	and	r14, r24
 2ae:	22 e0       	ldi	r18, 0x02	; 2
 2b0:	d2 2e       	mov	r13, r18
 2b2:	d8 22       	and	r13, r24
 2b4:	cc 24       	eor	r12, r12
 2b6:	c3 94       	inc	r12
 2b8:	c8 22       	and	r12, r24
 2ba:	86 b3       	in	r24, 0x16	; 22
 2bc:	00 00       	nop
 2be:	bb 20       	and	r11, r11
 2c0:	09 f4       	brne	.+2      	; 0x2c4 <__stack+0x65>
 2c2:	a0 c1       	rjmp	.+832    	; 0x604 <__stack+0x3a5>
 2c4:	b5 99       	sbic	0x16, 5	; 22
 2c6:	9e c1       	rjmp	.+828    	; 0x604 <__stack+0x3a5>
 2c8:	1c c0       	rjmp	.+56     	; 0x302 <__stack+0xa3>
 2ca:	80 e0       	ldi	r24, 0x00	; 0
 2cc:	60 e0       	ldi	r22, 0x00	; 0
 2ce:	41 e0       	ldi	r20, 0x01	; 1
 2d0:	2e df       	rcall	.-420    	; 0x12e <_Z8setpixelhhh>
 2d2:	ff 20       	and	r15, r15
 2d4:	21 f0       	breq	.+8      	; 0x2de <__stack+0x7f>
 2d6:	81 e0       	ldi	r24, 0x01	; 1
 2d8:	60 e0       	ldi	r22, 0x00	; 0
 2da:	41 e0       	ldi	r20, 0x01	; 1
 2dc:	28 df       	rcall	.-432    	; 0x12e <_Z8setpixelhhh>
 2de:	ee 20       	and	r14, r14
 2e0:	21 f0       	breq	.+8      	; 0x2ea <__stack+0x8b>
 2e2:	82 e0       	ldi	r24, 0x02	; 2
 2e4:	60 e0       	ldi	r22, 0x00	; 0
 2e6:	41 e0       	ldi	r20, 0x01	; 1
 2e8:	22 df       	rcall	.-444    	; 0x12e <_Z8setpixelhhh>
 2ea:	dd 20       	and	r13, r13
 2ec:	21 f0       	breq	.+8      	; 0x2f6 <__stack+0x97>
 2ee:	83 e0       	ldi	r24, 0x03	; 3
 2f0:	60 e0       	ldi	r22, 0x00	; 0
 2f2:	41 e0       	ldi	r20, 0x01	; 1
 2f4:	1c df       	rcall	.-456    	; 0x12e <_Z8setpixelhhh>
 2f6:	cc 20       	and	r12, r12
 2f8:	21 f0       	breq	.+8      	; 0x302 <__stack+0xa3>
 2fa:	84 e0       	ldi	r24, 0x04	; 4
 2fc:	60 e0       	ldi	r22, 0x00	; 0
 2fe:	41 e0       	ldi	r20, 0x01	; 1
 300:	16 df       	rcall	.-468    	; 0x12e <_Z8setpixelhhh>
 302:	81 e0       	ldi	r24, 0x01	; 1
 304:	e0 de       	rcall	.-576    	; 0xc6 <_Z8mydelay1h>
 306:	11 23       	and	r17, r17
 308:	21 f0       	breq	.+8      	; 0x312 <__stack+0xb3>
 30a:	80 e0       	ldi	r24, 0x00	; 0
 30c:	60 e0       	ldi	r22, 0x00	; 0
 30e:	40 e0       	ldi	r20, 0x00	; 0
 310:	0e df       	rcall	.-484    	; 0x12e <_Z8setpixelhhh>
 312:	ff 20       	and	r15, r15
 314:	21 f0       	breq	.+8      	; 0x31e <__stack+0xbf>
 316:	81 e0       	ldi	r24, 0x01	; 1
 318:	60 e0       	ldi	r22, 0x00	; 0
 31a:	40 e0       	ldi	r20, 0x00	; 0
 31c:	08 df       	rcall	.-496    	; 0x12e <_Z8setpixelhhh>
 31e:	ee 20       	and	r14, r14
 320:	21 f0       	breq	.+8      	; 0x32a <__stack+0xcb>
 322:	82 e0       	ldi	r24, 0x02	; 2
 324:	60 e0       	ldi	r22, 0x00	; 0
 326:	40 e0       	ldi	r20, 0x00	; 0
 328:	02 df       	rcall	.-508    	; 0x12e <_Z8setpixelhhh>
 32a:	dd 20       	and	r13, r13
 32c:	21 f0       	breq	.+8      	; 0x336 <__stack+0xd7>
 32e:	83 e0       	ldi	r24, 0x03	; 3
 330:	60 e0       	ldi	r22, 0x00	; 0
 332:	40 e0       	ldi	r20, 0x00	; 0
 334:	fc de       	rcall	.-520    	; 0x12e <_Z8setpixelhhh>
 336:	cc 20       	and	r12, r12
 338:	09 f4       	brne	.+2      	; 0x33c <__stack+0xdd>
 33a:	5f c1       	rjmp	.+702    	; 0x5fa <__stack+0x39b>
 33c:	84 e0       	ldi	r24, 0x04	; 4
 33e:	60 e0       	ldi	r22, 0x00	; 0
 340:	5a c1       	rjmp	.+692    	; 0x5f6 <__stack+0x397>
 342:	80 91 85 00 	lds	r24, 0x0085
 346:	18 2f       	mov	r17, r24
 348:	18 70       	andi	r17, 0x08	; 8
 34a:	94 e0       	ldi	r25, 0x04	; 4
 34c:	f9 2e       	mov	r15, r25
 34e:	f8 22       	and	r15, r24
 350:	b2 e0       	ldi	r27, 0x02	; 2
 352:	eb 2e       	mov	r14, r27
 354:	e8 22       	and	r14, r24
 356:	dd 24       	eor	r13, r13
 358:	d3 94       	inc	r13
 35a:	d8 22       	and	r13, r24
 35c:	86 b3       	in	r24, 0x16	; 22
 35e:	00 00       	nop
 360:	bb 20       	and	r11, r11
 362:	09 f4       	brne	.+2      	; 0x366 <__stack+0x107>
 364:	53 c1       	rjmp	.+678    	; 0x60c <__stack+0x3ad>
 366:	b5 99       	sbic	0x16, 5	; 22
 368:	51 c1       	rjmp	.+674    	; 0x60c <__stack+0x3ad>
 36a:	16 c0       	rjmp	.+44     	; 0x398 <__stack+0x139>
 36c:	81 e0       	ldi	r24, 0x01	; 1
 36e:	61 e0       	ldi	r22, 0x01	; 1
 370:	41 e0       	ldi	r20, 0x01	; 1
 372:	dd de       	rcall	.-582    	; 0x12e <_Z8setpixelhhh>
 374:	ff 20       	and	r15, r15
 376:	21 f0       	breq	.+8      	; 0x380 <__stack+0x121>
 378:	82 e0       	ldi	r24, 0x02	; 2
 37a:	61 e0       	ldi	r22, 0x01	; 1
 37c:	41 e0       	ldi	r20, 0x01	; 1
 37e:	d7 de       	rcall	.-594    	; 0x12e <_Z8setpixelhhh>
 380:	ee 20       	and	r14, r14
 382:	21 f0       	breq	.+8      	; 0x38c <__stack+0x12d>
 384:	83 e0       	ldi	r24, 0x03	; 3
 386:	61 e0       	ldi	r22, 0x01	; 1
 388:	41 e0       	ldi	r20, 0x01	; 1
 38a:	d1 de       	rcall	.-606    	; 0x12e <_Z8setpixelhhh>
 38c:	dd 20       	and	r13, r13
 38e:	21 f0       	breq	.+8      	; 0x398 <__stack+0x139>
 390:	84 e0       	ldi	r24, 0x04	; 4
 392:	61 e0       	ldi	r22, 0x01	; 1
 394:	41 e0       	ldi	r20, 0x01	; 1
 396:	cb de       	rcall	.-618    	; 0x12e <_Z8setpixelhhh>
 398:	81 e0       	ldi	r24, 0x01	; 1
 39a:	95 de       	rcall	.-726    	; 0xc6 <_Z8mydelay1h>
 39c:	11 23       	and	r17, r17
 39e:	21 f0       	breq	.+8      	; 0x3a8 <__stack+0x149>
 3a0:	81 e0       	ldi	r24, 0x01	; 1
 3a2:	61 e0       	ldi	r22, 0x01	; 1
 3a4:	40 e0       	ldi	r20, 0x00	; 0
 3a6:	c3 de       	rcall	.-634    	; 0x12e <_Z8setpixelhhh>
 3a8:	ff 20       	and	r15, r15
 3aa:	21 f0       	breq	.+8      	; 0x3b4 <__stack+0x155>
 3ac:	82 e0       	ldi	r24, 0x02	; 2
 3ae:	61 e0       	ldi	r22, 0x01	; 1
 3b0:	40 e0       	ldi	r20, 0x00	; 0
 3b2:	bd de       	rcall	.-646    	; 0x12e <_Z8setpixelhhh>
 3b4:	ee 20       	and	r14, r14
 3b6:	21 f0       	breq	.+8      	; 0x3c0 <__stack+0x161>
 3b8:	83 e0       	ldi	r24, 0x03	; 3
 3ba:	61 e0       	ldi	r22, 0x01	; 1
 3bc:	40 e0       	ldi	r20, 0x00	; 0
 3be:	b7 de       	rcall	.-658    	; 0x12e <_Z8setpixelhhh>
 3c0:	dd 20       	and	r13, r13
 3c2:	09 f4       	brne	.+2      	; 0x3c6 <__stack+0x167>
 3c4:	1a c1       	rjmp	.+564    	; 0x5fa <__stack+0x39b>
 3c6:	84 e0       	ldi	r24, 0x04	; 4
 3c8:	61 e0       	ldi	r22, 0x01	; 1
 3ca:	15 c1       	rjmp	.+554    	; 0x5f6 <__stack+0x397>
 3cc:	10 91 85 00 	lds	r17, 0x0085
 3d0:	10 71       	andi	r17, 0x10	; 16
 3d2:	80 91 86 00 	lds	r24, 0x0086
 3d6:	a4 e0       	ldi	r26, 0x04	; 4
 3d8:	fa 2e       	mov	r15, r26
 3da:	f8 22       	and	r15, r24
 3dc:	f2 e0       	ldi	r31, 0x02	; 2
 3de:	ef 2e       	mov	r14, r31
 3e0:	e8 22       	and	r14, r24
 3e2:	dd 24       	eor	r13, r13
 3e4:	d3 94       	inc	r13
 3e6:	d8 22       	and	r13, r24
 3e8:	86 b3       	in	r24, 0x16	; 22
 3ea:	00 00       	nop
 3ec:	bb 20       	and	r11, r11
 3ee:	09 f4       	brne	.+2      	; 0x3f2 <__stack+0x193>
 3f0:	11 c1       	rjmp	.+546    	; 0x614 <__stack+0x3b5>
 3f2:	b5 99       	sbic	0x16, 5	; 22
 3f4:	0f c1       	rjmp	.+542    	; 0x614 <__stack+0x3b5>
 3f6:	16 c0       	rjmp	.+44     	; 0x424 <__stack+0x1c5>
 3f8:	80 e0       	ldi	r24, 0x00	; 0
 3fa:	61 e0       	ldi	r22, 0x01	; 1
 3fc:	41 e0       	ldi	r20, 0x01	; 1
 3fe:	97 de       	rcall	.-722    	; 0x12e <_Z8setpixelhhh>
 400:	ff 20       	and	r15, r15
 402:	21 f0       	breq	.+8      	; 0x40c <__stack+0x1ad>
 404:	82 e0       	ldi	r24, 0x02	; 2
 406:	62 e0       	ldi	r22, 0x02	; 2
 408:	41 e0       	ldi	r20, 0x01	; 1
 40a:	91 de       	rcall	.-734    	; 0x12e <_Z8setpixelhhh>
 40c:	ee 20       	and	r14, r14
 40e:	21 f0       	breq	.+8      	; 0x418 <__stack+0x1b9>
 410:	83 e0       	ldi	r24, 0x03	; 3
 412:	62 e0       	ldi	r22, 0x02	; 2
 414:	41 e0       	ldi	r20, 0x01	; 1
 416:	8b de       	rcall	.-746    	; 0x12e <_Z8setpixelhhh>
 418:	dd 20       	and	r13, r13
 41a:	21 f0       	breq	.+8      	; 0x424 <__stack+0x1c5>
 41c:	84 e0       	ldi	r24, 0x04	; 4
 41e:	62 e0       	ldi	r22, 0x02	; 2
 420:	41 e0       	ldi	r20, 0x01	; 1
 422:	85 de       	rcall	.-758    	; 0x12e <_Z8setpixelhhh>
 424:	81 e0       	ldi	r24, 0x01	; 1
 426:	4f de       	rcall	.-866    	; 0xc6 <_Z8mydelay1h>
 428:	11 23       	and	r17, r17
 42a:	21 f0       	breq	.+8      	; 0x434 <__stack+0x1d5>
 42c:	80 e0       	ldi	r24, 0x00	; 0
 42e:	61 e0       	ldi	r22, 0x01	; 1
 430:	40 e0       	ldi	r20, 0x00	; 0
 432:	7d de       	rcall	.-774    	; 0x12e <_Z8setpixelhhh>
 434:	ff 20       	and	r15, r15
 436:	21 f0       	breq	.+8      	; 0x440 <__stack+0x1e1>
 438:	82 e0       	ldi	r24, 0x02	; 2
 43a:	62 e0       	ldi	r22, 0x02	; 2
 43c:	40 e0       	ldi	r20, 0x00	; 0
 43e:	77 de       	rcall	.-786    	; 0x12e <_Z8setpixelhhh>
 440:	ee 20       	and	r14, r14
 442:	21 f0       	breq	.+8      	; 0x44c <__stack+0x1ed>
 444:	83 e0       	ldi	r24, 0x03	; 3
 446:	62 e0       	ldi	r22, 0x02	; 2
 448:	40 e0       	ldi	r20, 0x00	; 0
 44a:	71 de       	rcall	.-798    	; 0x12e <_Z8setpixelhhh>
 44c:	dd 20       	and	r13, r13
 44e:	09 f4       	brne	.+2      	; 0x452 <__stack+0x1f3>
 450:	d4 c0       	rjmp	.+424    	; 0x5fa <__stack+0x39b>
 452:	84 e0       	ldi	r24, 0x04	; 4
 454:	62 e0       	ldi	r22, 0x02	; 2
 456:	cf c0       	rjmp	.+414    	; 0x5f6 <__stack+0x397>
 458:	80 91 86 00 	lds	r24, 0x0086
 45c:	18 2f       	mov	r17, r24
 45e:	10 71       	andi	r17, 0x10	; 16
 460:	e8 e0       	ldi	r30, 0x08	; 8
 462:	fe 2e       	mov	r15, r30
 464:	f8 22       	and	r15, r24
 466:	80 91 87 00 	lds	r24, 0x0087
 46a:	72 e0       	ldi	r23, 0x02	; 2
 46c:	e7 2e       	mov	r14, r23
 46e:	e8 22       	and	r14, r24
 470:	dd 24       	eor	r13, r13
 472:	d3 94       	inc	r13
 474:	d8 22       	and	r13, r24
 476:	86 b3       	in	r24, 0x16	; 22
 478:	00 00       	nop
 47a:	bb 20       	and	r11, r11
 47c:	09 f4       	brne	.+2      	; 0x480 <__stack+0x221>
 47e:	ce c0       	rjmp	.+412    	; 0x61c <__stack+0x3bd>
 480:	b5 99       	sbic	0x16, 5	; 22
 482:	cc c0       	rjmp	.+408    	; 0x61c <__stack+0x3bd>
 484:	16 c0       	rjmp	.+44     	; 0x4b2 <__stack+0x253>
 486:	80 e0       	ldi	r24, 0x00	; 0
 488:	62 e0       	ldi	r22, 0x02	; 2
 48a:	41 e0       	ldi	r20, 0x01	; 1
 48c:	50 de       	rcall	.-864    	; 0x12e <_Z8setpixelhhh>
 48e:	ff 20       	and	r15, r15
 490:	21 f0       	breq	.+8      	; 0x49a <__stack+0x23b>
 492:	81 e0       	ldi	r24, 0x01	; 1
 494:	62 e0       	ldi	r22, 0x02	; 2
 496:	41 e0       	ldi	r20, 0x01	; 1
 498:	4a de       	rcall	.-876    	; 0x12e <_Z8setpixelhhh>
 49a:	ee 20       	and	r14, r14
 49c:	21 f0       	breq	.+8      	; 0x4a6 <__stack+0x247>
 49e:	83 e0       	ldi	r24, 0x03	; 3
 4a0:	63 e0       	ldi	r22, 0x03	; 3
 4a2:	41 e0       	ldi	r20, 0x01	; 1
 4a4:	44 de       	rcall	.-888    	; 0x12e <_Z8setpixelhhh>
 4a6:	dd 20       	and	r13, r13
 4a8:	21 f0       	breq	.+8      	; 0x4b2 <__stack+0x253>
 4aa:	84 e0       	ldi	r24, 0x04	; 4
 4ac:	63 e0       	ldi	r22, 0x03	; 3
 4ae:	41 e0       	ldi	r20, 0x01	; 1
 4b0:	3e de       	rcall	.-900    	; 0x12e <_Z8setpixelhhh>
 4b2:	81 e0       	ldi	r24, 0x01	; 1
 4b4:	08 de       	rcall	.-1008   	; 0xc6 <_Z8mydelay1h>
 4b6:	11 23       	and	r17, r17
 4b8:	21 f0       	breq	.+8      	; 0x4c2 <__stack+0x263>
 4ba:	80 e0       	ldi	r24, 0x00	; 0
 4bc:	62 e0       	ldi	r22, 0x02	; 2
 4be:	40 e0       	ldi	r20, 0x00	; 0
 4c0:	36 de       	rcall	.-916    	; 0x12e <_Z8setpixelhhh>
 4c2:	ff 20       	and	r15, r15
 4c4:	21 f0       	breq	.+8      	; 0x4ce <__stack+0x26f>
 4c6:	81 e0       	ldi	r24, 0x01	; 1
 4c8:	62 e0       	ldi	r22, 0x02	; 2
 4ca:	40 e0       	ldi	r20, 0x00	; 0
 4cc:	30 de       	rcall	.-928    	; 0x12e <_Z8setpixelhhh>
 4ce:	ee 20       	and	r14, r14
 4d0:	21 f0       	breq	.+8      	; 0x4da <__stack+0x27b>
 4d2:	83 e0       	ldi	r24, 0x03	; 3
 4d4:	63 e0       	ldi	r22, 0x03	; 3
 4d6:	40 e0       	ldi	r20, 0x00	; 0
 4d8:	2a de       	rcall	.-940    	; 0x12e <_Z8setpixelhhh>
 4da:	dd 20       	and	r13, r13
 4dc:	09 f4       	brne	.+2      	; 0x4e0 <__stack+0x281>
 4de:	8d c0       	rjmp	.+282    	; 0x5fa <__stack+0x39b>
 4e0:	84 e0       	ldi	r24, 0x04	; 4
 4e2:	63 e0       	ldi	r22, 0x03	; 3
 4e4:	88 c0       	rjmp	.+272    	; 0x5f6 <__stack+0x397>
 4e6:	80 91 87 00 	lds	r24, 0x0087
 4ea:	60 e1       	ldi	r22, 0x10	; 16
 4ec:	f6 2e       	mov	r15, r22
 4ee:	f8 22       	and	r15, r24
 4f0:	58 e0       	ldi	r21, 0x08	; 8
 4f2:	e5 2e       	mov	r14, r21
 4f4:	e8 22       	and	r14, r24
 4f6:	44 e0       	ldi	r20, 0x04	; 4
 4f8:	d4 2e       	mov	r13, r20
 4fa:	d8 22       	and	r13, r24
 4fc:	10 91 88 00 	lds	r17, 0x0088
 500:	11 70       	andi	r17, 0x01	; 1
 502:	86 b3       	in	r24, 0x16	; 22
 504:	00 00       	nop
 506:	bb 20       	and	r11, r11
 508:	09 f4       	brne	.+2      	; 0x50c <__stack+0x2ad>
 50a:	8c c0       	rjmp	.+280    	; 0x624 <__stack+0x3c5>
 50c:	b5 99       	sbic	0x16, 5	; 22
 50e:	8a c0       	rjmp	.+276    	; 0x624 <__stack+0x3c5>
 510:	16 c0       	rjmp	.+44     	; 0x53e <__stack+0x2df>
 512:	80 e0       	ldi	r24, 0x00	; 0
 514:	63 e0       	ldi	r22, 0x03	; 3
 516:	41 e0       	ldi	r20, 0x01	; 1
 518:	0a de       	rcall	.-1004   	; 0x12e <_Z8setpixelhhh>
 51a:	ee 20       	and	r14, r14
 51c:	21 f0       	breq	.+8      	; 0x526 <__stack+0x2c7>
 51e:	81 e0       	ldi	r24, 0x01	; 1
 520:	63 e0       	ldi	r22, 0x03	; 3
 522:	41 e0       	ldi	r20, 0x01	; 1
 524:	04 de       	rcall	.-1016   	; 0x12e <_Z8setpixelhhh>
 526:	dd 20       	and	r13, r13
 528:	21 f0       	breq	.+8      	; 0x532 <__stack+0x2d3>
 52a:	82 e0       	ldi	r24, 0x02	; 2
 52c:	63 e0       	ldi	r22, 0x03	; 3
 52e:	41 e0       	ldi	r20, 0x01	; 1
 530:	fe dd       	rcall	.-1028   	; 0x12e <_Z8setpixelhhh>
 532:	11 23       	and	r17, r17
 534:	21 f0       	breq	.+8      	; 0x53e <__stack+0x2df>
 536:	84 e0       	ldi	r24, 0x04	; 4
 538:	64 e0       	ldi	r22, 0x04	; 4
 53a:	41 e0       	ldi	r20, 0x01	; 1
 53c:	f8 dd       	rcall	.-1040   	; 0x12e <_Z8setpixelhhh>
 53e:	81 e0       	ldi	r24, 0x01	; 1
 540:	c2 dd       	rcall	.-1148   	; 0xc6 <_Z8mydelay1h>
 542:	ff 20       	and	r15, r15
 544:	21 f0       	breq	.+8      	; 0x54e <__stack+0x2ef>
 546:	80 e0       	ldi	r24, 0x00	; 0
 548:	63 e0       	ldi	r22, 0x03	; 3
 54a:	40 e0       	ldi	r20, 0x00	; 0
 54c:	f0 dd       	rcall	.-1056   	; 0x12e <_Z8setpixelhhh>
 54e:	ee 20       	and	r14, r14
 550:	21 f0       	breq	.+8      	; 0x55a <__stack+0x2fb>
 552:	81 e0       	ldi	r24, 0x01	; 1
 554:	63 e0       	ldi	r22, 0x03	; 3
 556:	40 e0       	ldi	r20, 0x00	; 0
 558:	ea dd       	rcall	.-1068   	; 0x12e <_Z8setpixelhhh>
 55a:	dd 20       	and	r13, r13
 55c:	21 f0       	breq	.+8      	; 0x566 <__stack+0x307>
 55e:	82 e0       	ldi	r24, 0x02	; 2
 560:	63 e0       	ldi	r22, 0x03	; 3
 562:	40 e0       	ldi	r20, 0x00	; 0
 564:	e4 dd       	rcall	.-1080   	; 0x12e <_Z8setpixelhhh>
 566:	11 23       	and	r17, r17
 568:	09 f4       	brne	.+2      	; 0x56c <__stack+0x30d>
 56a:	47 c0       	rjmp	.+142    	; 0x5fa <__stack+0x39b>
 56c:	84 e0       	ldi	r24, 0x04	; 4
 56e:	42 c0       	rjmp	.+132    	; 0x5f4 <__stack+0x395>
 570:	80 91 88 00 	lds	r24, 0x0088
 574:	18 2f       	mov	r17, r24
 576:	10 71       	andi	r17, 0x10	; 16
 578:	38 e0       	ldi	r19, 0x08	; 8
 57a:	f3 2e       	mov	r15, r19
 57c:	f8 22       	and	r15, r24
 57e:	24 e0       	ldi	r18, 0x04	; 4
 580:	e2 2e       	mov	r14, r18
 582:	e8 22       	and	r14, r24
 584:	92 e0       	ldi	r25, 0x02	; 2
 586:	d9 2e       	mov	r13, r25
 588:	d8 22       	and	r13, r24
 58a:	86 b3       	in	r24, 0x16	; 22
 58c:	00 00       	nop
 58e:	bb 20       	and	r11, r11
 590:	09 f4       	brne	.+2      	; 0x594 <__stack+0x335>
 592:	4c c0       	rjmp	.+152    	; 0x62c <__stack+0x3cd>
 594:	b5 99       	sbic	0x16, 5	; 22
 596:	4a c0       	rjmp	.+148    	; 0x62c <__stack+0x3cd>
 598:	16 c0       	rjmp	.+44     	; 0x5c6 <__stack+0x367>
 59a:	80 e0       	ldi	r24, 0x00	; 0
 59c:	64 e0       	ldi	r22, 0x04	; 4
 59e:	41 e0       	ldi	r20, 0x01	; 1
 5a0:	c6 dd       	rcall	.-1140   	; 0x12e <_Z8setpixelhhh>
 5a2:	ff 20       	and	r15, r15
 5a4:	21 f0       	breq	.+8      	; 0x5ae <__stack+0x34f>
 5a6:	81 e0       	ldi	r24, 0x01	; 1
 5a8:	64 e0       	ldi	r22, 0x04	; 4
 5aa:	41 e0       	ldi	r20, 0x01	; 1
 5ac:	c0 dd       	rcall	.-1152   	; 0x12e <_Z8setpixelhhh>
 5ae:	ee 20       	and	r14, r14
 5b0:	21 f0       	breq	.+8      	; 0x5ba <__stack+0x35b>
 5b2:	82 e0       	ldi	r24, 0x02	; 2
 5b4:	64 e0       	ldi	r22, 0x04	; 4
 5b6:	41 e0       	ldi	r20, 0x01	; 1
 5b8:	ba dd       	rcall	.-1164   	; 0x12e <_Z8setpixelhhh>
 5ba:	dd 20       	and	r13, r13
 5bc:	21 f0       	breq	.+8      	; 0x5c6 <__stack+0x367>
 5be:	83 e0       	ldi	r24, 0x03	; 3
 5c0:	64 e0       	ldi	r22, 0x04	; 4
 5c2:	41 e0       	ldi	r20, 0x01	; 1
 5c4:	b4 dd       	rcall	.-1176   	; 0x12e <_Z8setpixelhhh>
 5c6:	81 e0       	ldi	r24, 0x01	; 1
 5c8:	7e dd       	rcall	.-1284   	; 0xc6 <_Z8mydelay1h>
 5ca:	11 23       	and	r17, r17
 5cc:	21 f0       	breq	.+8      	; 0x5d6 <__stack+0x377>
 5ce:	80 e0       	ldi	r24, 0x00	; 0
 5d0:	64 e0       	ldi	r22, 0x04	; 4
 5d2:	40 e0       	ldi	r20, 0x00	; 0
 5d4:	ac dd       	rcall	.-1192   	; 0x12e <_Z8setpixelhhh>
 5d6:	ff 20       	and	r15, r15
 5d8:	21 f0       	breq	.+8      	; 0x5e2 <__stack+0x383>
 5da:	81 e0       	ldi	r24, 0x01	; 1
 5dc:	64 e0       	ldi	r22, 0x04	; 4
 5de:	40 e0       	ldi	r20, 0x00	; 0
 5e0:	a6 dd       	rcall	.-1204   	; 0x12e <_Z8setpixelhhh>
 5e2:	ee 20       	and	r14, r14
 5e4:	21 f0       	breq	.+8      	; 0x5ee <__stack+0x38f>
 5e6:	82 e0       	ldi	r24, 0x02	; 2
 5e8:	64 e0       	ldi	r22, 0x04	; 4
 5ea:	40 e0       	ldi	r20, 0x00	; 0
 5ec:	a0 dd       	rcall	.-1216   	; 0x12e <_Z8setpixelhhh>
 5ee:	dd 20       	and	r13, r13
 5f0:	21 f0       	breq	.+8      	; 0x5fa <__stack+0x39b>
 5f2:	83 e0       	ldi	r24, 0x03	; 3
 5f4:	64 e0       	ldi	r22, 0x04	; 4
 5f6:	40 e0       	ldi	r20, 0x00	; 0
 5f8:	9a dd       	rcall	.-1228   	; 0x12e <_Z8setpixelhhh>
 5fa:	0f 5f       	subi	r16, 0xFF	; 255
 5fc:	06 30       	cpi	r16, 0x06	; 6
 5fe:	09 f0       	breq	.+2      	; 0x602 <__stack+0x3a3>
 600:	37 ce       	rjmp	.-914    	; 0x270 <__stack+0x11>
 602:	18 c0       	rjmp	.+48     	; 0x634 <__stack+0x3d5>
 604:	11 23       	and	r17, r17
 606:	09 f4       	brne	.+2      	; 0x60a <__stack+0x3ab>
 608:	64 ce       	rjmp	.-824    	; 0x2d2 <__stack+0x73>
 60a:	5f ce       	rjmp	.-834    	; 0x2ca <__stack+0x6b>
 60c:	11 23       	and	r17, r17
 60e:	09 f4       	brne	.+2      	; 0x612 <__stack+0x3b3>
 610:	b1 ce       	rjmp	.-670    	; 0x374 <__stack+0x115>
 612:	ac ce       	rjmp	.-680    	; 0x36c <__stack+0x10d>
 614:	11 23       	and	r17, r17
 616:	09 f4       	brne	.+2      	; 0x61a <__stack+0x3bb>
 618:	f3 ce       	rjmp	.-538    	; 0x400 <__stack+0x1a1>
 61a:	ee ce       	rjmp	.-548    	; 0x3f8 <__stack+0x199>
 61c:	11 23       	and	r17, r17
 61e:	09 f4       	brne	.+2      	; 0x622 <__stack+0x3c3>
 620:	36 cf       	rjmp	.-404    	; 0x48e <__stack+0x22f>
 622:	31 cf       	rjmp	.-414    	; 0x486 <__stack+0x227>
 624:	ff 20       	and	r15, r15
 626:	09 f4       	brne	.+2      	; 0x62a <__stack+0x3cb>
 628:	78 cf       	rjmp	.-272    	; 0x51a <__stack+0x2bb>
 62a:	73 cf       	rjmp	.-282    	; 0x512 <__stack+0x2b3>
 62c:	11 23       	and	r17, r17
 62e:	09 f4       	brne	.+2      	; 0x632 <__stack+0x3d3>
 630:	b8 cf       	rjmp	.-144    	; 0x5a2 <__stack+0x343>
 632:	b3 cf       	rjmp	.-154    	; 0x59a <__stack+0x33b>
 634:	1f 91       	pop	r17
 636:	0f 91       	pop	r16
 638:	ff 90       	pop	r15
 63a:	ef 90       	pop	r14
 63c:	df 90       	pop	r13
 63e:	cf 90       	pop	r12
 640:	bf 90       	pop	r11
 642:	08 95       	ret

00000644 <_Z6blinknh>:
 644:	0f 93       	push	r16
 646:	1f 93       	push	r17
 648:	08 2f       	mov	r16, r24
 64a:	10 e0       	ldi	r17, 0x00	; 0
 64c:	0d c0       	rjmp	.+26     	; 0x668 <_Z6blinknh+0x24>
 64e:	80 e0       	ldi	r24, 0x00	; 0
 650:	61 e0       	ldi	r22, 0x01	; 1
 652:	41 e0       	ldi	r20, 0x01	; 1
 654:	6c dd       	rcall	.-1320   	; 0x12e <_Z8setpixelhhh>
 656:	89 e1       	ldi	r24, 0x19	; 25
 658:	50 dd       	rcall	.-1376   	; 0xfa <_Z9mydelay10h>
 65a:	80 e0       	ldi	r24, 0x00	; 0
 65c:	61 e0       	ldi	r22, 0x01	; 1
 65e:	40 e0       	ldi	r20, 0x00	; 0
 660:	66 dd       	rcall	.-1332   	; 0x12e <_Z8setpixelhhh>
 662:	89 e1       	ldi	r24, 0x19	; 25
 664:	4a dd       	rcall	.-1388   	; 0xfa <_Z9mydelay10h>
 666:	1f 5f       	subi	r17, 0xFF	; 255
 668:	10 17       	cp	r17, r16
 66a:	88 f3       	brcs	.-30     	; 0x64e <_Z6blinknh+0xa>
 66c:	1f 91       	pop	r17
 66e:	0f 91       	pop	r16
 670:	08 95       	ret

00000672 <main>:
 672:	bf 92       	push	r11
 674:	cf 92       	push	r12
 676:	df 92       	push	r13
 678:	ef 92       	push	r14
 67a:	ff 92       	push	r15
 67c:	0f 93       	push	r16
 67e:	1f 93       	push	r17
 680:	f8 94       	cli
 682:	18 ba       	out	0x18, r1	; 24
 684:	17 ba       	out	0x17, r1	; 23
 686:	78 94       	sei
 688:	86 b3       	in	r24, 0x16	; 22
 68a:	00 00       	nop
 68c:	b5 9b       	sbis	0x16, 5	; 22
 68e:	03 c0       	rjmp	.+6      	; 0x696 <main+0x24>
 690:	81 e0       	ldi	r24, 0x01	; 1
 692:	80 93 89 00 	sts	0x0089, r24
 696:	80 91 89 00 	lds	r24, 0x0089
 69a:	88 23       	and	r24, r24
 69c:	11 f0       	breq	.+4      	; 0x6a2 <main+0x30>
 69e:	84 e0       	ldi	r24, 0x04	; 4
 6a0:	01 c0       	rjmp	.+2      	; 0x6a4 <main+0x32>
 6a2:	83 e0       	ldi	r24, 0x03	; 3
 6a4:	cf df       	rcall	.-98     	; 0x644 <_Z6blinknh>
 6a6:	00 e0       	ldi	r16, 0x00	; 0
 6a8:	cc 24       	eor	r12, r12
 6aa:	bb 24       	eor	r11, r11
 6ac:	b3 94       	inc	r11
 6ae:	01 c0       	rjmp	.+2      	; 0x6b2 <main+0x40>
 6b0:	00 e0       	ldi	r16, 0x00	; 0
 6b2:	e0 2f       	mov	r30, r16
 6b4:	f0 e0       	ldi	r31, 0x00	; 0
 6b6:	e7 58       	subi	r30, 0x87	; 135
 6b8:	ff 4f       	sbci	r31, 0xFF	; 255
 6ba:	80 81       	ld	r24, Z
 6bc:	42 d0       	rcall	.+132    	; 0x742 <_Z12loadfontcharh>
 6be:	0f 5f       	subi	r16, 0xFF	; 255
 6c0:	09 30       	cpi	r16, 0x09	; 9
 6c2:	08 f0       	brcs	.+2      	; 0x6c6 <main+0x54>
 6c4:	00 e0       	ldi	r16, 0x00	; 0
 6c6:	d0 90 8f 00 	lds	r13, 0x008F
 6ca:	8f e0       	ldi	r24, 0x0F	; 15
 6cc:	d8 22       	and	r13, r24
 6ce:	ee 24       	eor	r14, r14
 6d0:	ff 24       	eor	r15, r15
 6d2:	2c c0       	rjmp	.+88     	; 0x72c <main+0xba>
 6d4:	9c 91       	ld	r25, X
 6d6:	89 2f       	mov	r24, r25
 6d8:	88 0f       	add	r24, r24
 6da:	8c 93       	st	X, r24
 6dc:	80 81       	ld	r24, Z
 6de:	88 0f       	add	r24, r24
 6e0:	80 83       	st	Z, r24
 6e2:	97 ff       	sbrs	r25, 7
 6e4:	02 c0       	rjmp	.+4      	; 0x6ea <main+0x78>
 6e6:	8f 5f       	subi	r24, 0xFF	; 255
 6e8:	80 83       	st	Z, r24
 6ea:	11 96       	adiw	r26, 0x01	; 1
 6ec:	31 96       	adiw	r30, 0x01	; 1
 6ee:	80 e0       	ldi	r24, 0x00	; 0
 6f0:	af 38       	cpi	r26, 0x8F	; 143
 6f2:	b8 07       	cpc	r27, r24
 6f4:	79 f7       	brne	.-34     	; 0x6d4 <main+0x62>
 6f6:	10 e0       	ldi	r17, 0x00	; 0
 6f8:	80 91 89 00 	lds	r24, 0x0089
 6fc:	88 23       	and	r24, r24
 6fe:	79 f0       	breq	.+30     	; 0x71e <main+0xac>
 700:	86 b3       	in	r24, 0x16	; 22
 702:	82 95       	swap	r24
 704:	86 95       	lsr	r24
 706:	87 70       	andi	r24, 0x07	; 7
 708:	8b 25       	eor	r24, r11
 70a:	81 70       	andi	r24, 0x01	; 1
 70c:	cc 20       	and	r12, r12
 70e:	11 f0       	breq	.+4      	; 0x714 <main+0xa2>
 710:	c8 2e       	mov	r12, r24
 712:	05 c0       	rjmp	.+10     	; 0x71e <main+0xac>
 714:	88 23       	and	r24, r24
 716:	19 f0       	breq	.+6      	; 0x71e <main+0xac>
 718:	c8 2e       	mov	r12, r24
 71a:	ff 24       	eor	r15, r15
 71c:	f3 94       	inc	r15
 71e:	9e dd       	rcall	.-1220   	; 0x25c <_Z7Refreshv>
 720:	ff 20       	and	r15, r15
 722:	19 f4       	brne	.+6      	; 0x72a <main+0xb8>
 724:	1f 5f       	subi	r17, 0xFF	; 255
 726:	13 32       	cpi	r17, 0x23	; 35
 728:	39 f7       	brne	.-50     	; 0x6f8 <main+0x86>
 72a:	e3 94       	inc	r14
 72c:	ed 14       	cp	r14, r13
 72e:	20 f0       	brcs	.+8      	; 0x738 <main+0xc6>
 730:	ff 20       	and	r15, r15
 732:	09 f0       	breq	.+2      	; 0x736 <main+0xc4>
 734:	bd cf       	rjmp	.-134    	; 0x6b0 <main+0x3e>
 736:	bd cf       	rjmp	.-134    	; 0x6b2 <main+0x40>
 738:	aa e8       	ldi	r26, 0x8A	; 138
 73a:	b0 e0       	ldi	r27, 0x00	; 0
 73c:	e4 e8       	ldi	r30, 0x84	; 132
 73e:	f0 e0       	ldi	r31, 0x00	; 0
 740:	c9 cf       	rjmp	.-110    	; 0x6d4 <main+0x62>

00000742 <_Z12loadfontcharh>:
 742:	85 34       	cpi	r24, 0x45	; 69
 744:	09 f4       	brne	.+2      	; 0x748 <_Z12loadfontcharh+0x6>
 746:	ca c0       	rjmp	.+404    	; 0x8dc <_Z12loadfontcharh+0x19a>
 748:	86 34       	cpi	r24, 0x46	; 70
 74a:	08 f0       	brcs	.+2      	; 0x74e <_Z12loadfontcharh+0xc>
 74c:	5b c0       	rjmp	.+182    	; 0x804 <_Z12loadfontcharh+0xc2>
 74e:	84 33       	cpi	r24, 0x34	; 52
 750:	09 f4       	brne	.+2      	; 0x754 <_Z12loadfontcharh+0x12>
 752:	2f c2       	rjmp	.+1118   	; 0xbb2 <_Z12loadfontcharh+0x470>
 754:	85 33       	cpi	r24, 0x35	; 53
 756:	58 f5       	brcc	.+86     	; 0x7ae <_Z12loadfontcharh+0x6c>
 758:	8c 32       	cpi	r24, 0x2C	; 44
 75a:	09 f4       	brne	.+2      	; 0x75e <_Z12loadfontcharh+0x1c>
 75c:	dd c1       	rjmp	.+954    	; 0xb18 <_Z12loadfontcharh+0x3d6>
 75e:	8d 32       	cpi	r24, 0x2D	; 45
 760:	98 f4       	brcc	.+38     	; 0x788 <_Z12loadfontcharh+0x46>
 762:	87 32       	cpi	r24, 0x27	; 39
 764:	09 f4       	brne	.+2      	; 0x768 <_Z12loadfontcharh+0x26>
 766:	b4 c1       	rjmp	.+872    	; 0xad0 <_Z12loadfontcharh+0x38e>
 768:	88 32       	cpi	r24, 0x28	; 40
 76a:	38 f4       	brcc	.+14     	; 0x77a <_Z12loadfontcharh+0x38>
 76c:	80 32       	cpi	r24, 0x20	; 32
 76e:	09 f4       	brne	.+2      	; 0x772 <_Z12loadfontcharh+0x30>
 770:	9a c1       	rjmp	.+820    	; 0xaa6 <_Z12loadfontcharh+0x364>
 772:	81 32       	cpi	r24, 0x21	; 33
 774:	09 f0       	breq	.+2      	; 0x778 <_Z12loadfontcharh+0x36>
 776:	85 c2       	rjmp	.+1290   	; 0xc82 <_Z12loadfontcharh+0x540>
 778:	a1 c1       	rjmp	.+834    	; 0xabc <_Z12loadfontcharh+0x37a>
 77a:	88 32       	cpi	r24, 0x28	; 40
 77c:	09 f4       	brne	.+2      	; 0x780 <_Z12loadfontcharh+0x3e>
 77e:	bf c1       	rjmp	.+894    	; 0xafe <_Z12loadfontcharh+0x3bc>
 780:	89 32       	cpi	r24, 0x29	; 41
 782:	09 f0       	breq	.+2      	; 0x786 <_Z12loadfontcharh+0x44>
 784:	7e c2       	rjmp	.+1276   	; 0xc82 <_Z12loadfontcharh+0x540>
 786:	bd c1       	rjmp	.+890    	; 0xb02 <_Z12loadfontcharh+0x3c0>
 788:	81 33       	cpi	r24, 0x31	; 49
 78a:	09 f4       	brne	.+2      	; 0x78e <_Z12loadfontcharh+0x4c>
 78c:	ea c1       	rjmp	.+980    	; 0xb62 <_Z12loadfontcharh+0x420>
 78e:	82 33       	cpi	r24, 0x32	; 50
 790:	38 f4       	brcc	.+14     	; 0x7a0 <_Z12loadfontcharh+0x5e>
 792:	8e 32       	cpi	r24, 0x2E	; 46
 794:	09 f4       	brne	.+2      	; 0x798 <_Z12loadfontcharh+0x56>
 796:	ce c1       	rjmp	.+924    	; 0xb34 <_Z12loadfontcharh+0x3f2>
 798:	80 33       	cpi	r24, 0x30	; 48
 79a:	09 f0       	breq	.+2      	; 0x79e <_Z12loadfontcharh+0x5c>
 79c:	72 c2       	rjmp	.+1252   	; 0xc82 <_Z12loadfontcharh+0x540>
 79e:	01 c1       	rjmp	.+514    	; 0x9a2 <_Z12loadfontcharh+0x260>
 7a0:	82 33       	cpi	r24, 0x32	; 50
 7a2:	09 f4       	brne	.+2      	; 0x7a6 <_Z12loadfontcharh+0x64>
 7a4:	ea c1       	rjmp	.+980    	; 0xb7a <_Z12loadfontcharh+0x438>
 7a6:	83 33       	cpi	r24, 0x33	; 51
 7a8:	09 f0       	breq	.+2      	; 0x7ac <_Z12loadfontcharh+0x6a>
 7aa:	6b c2       	rjmp	.+1238   	; 0xc82 <_Z12loadfontcharh+0x540>
 7ac:	f4 c1       	rjmp	.+1000   	; 0xb96 <_Z12loadfontcharh+0x454>
 7ae:	8a 33       	cpi	r24, 0x3A	; 58
 7b0:	09 f4       	brne	.+2      	; 0x7b4 <_Z12loadfontcharh+0x72>
 7b2:	98 c1       	rjmp	.+816    	; 0xae4 <_Z12loadfontcharh+0x3a2>
 7b4:	8b 33       	cpi	r24, 0x3B	; 59
 7b6:	98 f4       	brcc	.+38     	; 0x7de <_Z12loadfontcharh+0x9c>
 7b8:	87 33       	cpi	r24, 0x37	; 55
 7ba:	09 f4       	brne	.+2      	; 0x7be <_Z12loadfontcharh+0x7c>
 7bc:	19 c2       	rjmp	.+1074   	; 0xbf0 <_Z12loadfontcharh+0x4ae>
 7be:	88 33       	cpi	r24, 0x38	; 56
 7c0:	38 f4       	brcc	.+14     	; 0x7d0 <_Z12loadfontcharh+0x8e>
 7c2:	85 33       	cpi	r24, 0x35	; 53
 7c4:	09 f4       	brne	.+2      	; 0x7c8 <_Z12loadfontcharh+0x86>
 7c6:	ff c1       	rjmp	.+1022   	; 0xbc6 <_Z12loadfontcharh+0x484>
 7c8:	86 33       	cpi	r24, 0x36	; 54
 7ca:	09 f0       	breq	.+2      	; 0x7ce <_Z12loadfontcharh+0x8c>
 7cc:	5a c2       	rjmp	.+1204   	; 0xc82 <_Z12loadfontcharh+0x540>
 7ce:	05 c2       	rjmp	.+1034   	; 0xbda <_Z12loadfontcharh+0x498>
 7d0:	88 33       	cpi	r24, 0x38	; 56
 7d2:	09 f4       	brne	.+2      	; 0x7d6 <_Z12loadfontcharh+0x94>
 7d4:	1b c2       	rjmp	.+1078   	; 0xc0c <_Z12loadfontcharh+0x4ca>
 7d6:	89 33       	cpi	r24, 0x39	; 57
 7d8:	09 f0       	breq	.+2      	; 0x7dc <_Z12loadfontcharh+0x9a>
 7da:	53 c2       	rjmp	.+1190   	; 0xc82 <_Z12loadfontcharh+0x540>
 7dc:	22 c2       	rjmp	.+1092   	; 0xc22 <_Z12loadfontcharh+0x4e0>
 7de:	82 34       	cpi	r24, 0x42	; 66
 7e0:	09 f4       	brne	.+2      	; 0x7e4 <_Z12loadfontcharh+0xa2>
 7e2:	73 c0       	rjmp	.+230    	; 0x8ca <_Z12loadfontcharh+0x188>
 7e4:	83 34       	cpi	r24, 0x43	; 67
 7e6:	38 f4       	brcc	.+14     	; 0x7f6 <_Z12loadfontcharh+0xb4>
 7e8:	8f 33       	cpi	r24, 0x3F	; 63
 7ea:	09 f4       	brne	.+2      	; 0x7ee <_Z12loadfontcharh+0xac>
 7ec:	29 c2       	rjmp	.+1106   	; 0xc40 <_Z12loadfontcharh+0x4fe>
 7ee:	81 34       	cpi	r24, 0x41	; 65
 7f0:	09 f0       	breq	.+2      	; 0x7f4 <_Z12loadfontcharh+0xb2>
 7f2:	47 c2       	rjmp	.+1166   	; 0xc82 <_Z12loadfontcharh+0x540>
 7f4:	62 c0       	rjmp	.+196    	; 0x8ba <_Z12loadfontcharh+0x178>
 7f6:	83 34       	cpi	r24, 0x43	; 67
 7f8:	09 f4       	brne	.+2      	; 0x7fc <_Z12loadfontcharh+0xba>
 7fa:	69 c0       	rjmp	.+210    	; 0x8ce <_Z12loadfontcharh+0x18c>
 7fc:	84 34       	cpi	r24, 0x44	; 68
 7fe:	09 f0       	breq	.+2      	; 0x802 <_Z12loadfontcharh+0xc0>
 800:	40 c2       	rjmp	.+1152   	; 0xc82 <_Z12loadfontcharh+0x540>
 802:	6a c0       	rjmp	.+212    	; 0x8d8 <_Z12loadfontcharh+0x196>
 804:	81 35       	cpi	r24, 0x51	; 81
 806:	09 f4       	brne	.+2      	; 0x80a <_Z12loadfontcharh+0xc8>
 808:	e1 c0       	rjmp	.+450    	; 0x9cc <_Z12loadfontcharh+0x28a>
 80a:	82 35       	cpi	r24, 0x52	; 82
 80c:	58 f5       	brcc	.+86     	; 0x864 <_Z12loadfontcharh+0x122>
 80e:	8b 34       	cpi	r24, 0x4B	; 75
 810:	09 f4       	brne	.+2      	; 0x814 <_Z12loadfontcharh+0xd2>
 812:	a1 c0       	rjmp	.+322    	; 0x956 <_Z12loadfontcharh+0x214>
 814:	8c 34       	cpi	r24, 0x4C	; 76
 816:	98 f4       	brcc	.+38     	; 0x83e <_Z12loadfontcharh+0xfc>
 818:	88 34       	cpi	r24, 0x48	; 72
 81a:	09 f4       	brne	.+2      	; 0x81e <_Z12loadfontcharh+0xdc>
 81c:	7b c0       	rjmp	.+246    	; 0x914 <_Z12loadfontcharh+0x1d2>
 81e:	89 34       	cpi	r24, 0x49	; 73
 820:	38 f4       	brcc	.+14     	; 0x830 <_Z12loadfontcharh+0xee>
 822:	86 34       	cpi	r24, 0x46	; 70
 824:	09 f4       	brne	.+2      	; 0x828 <_Z12loadfontcharh+0xe6>
 826:	62 c0       	rjmp	.+196    	; 0x8ec <_Z12loadfontcharh+0x1aa>
 828:	87 34       	cpi	r24, 0x47	; 71
 82a:	09 f0       	breq	.+2      	; 0x82e <_Z12loadfontcharh+0xec>
 82c:	2a c2       	rjmp	.+1108   	; 0xc82 <_Z12loadfontcharh+0x540>
 82e:	6a c0       	rjmp	.+212    	; 0x904 <_Z12loadfontcharh+0x1c2>
 830:	89 34       	cpi	r24, 0x49	; 73
 832:	09 f4       	brne	.+2      	; 0x836 <_Z12loadfontcharh+0xf4>
 834:	78 c0       	rjmp	.+240    	; 0x926 <_Z12loadfontcharh+0x1e4>
 836:	8a 34       	cpi	r24, 0x4A	; 74
 838:	09 f0       	breq	.+2      	; 0x83c <_Z12loadfontcharh+0xfa>
 83a:	23 c2       	rjmp	.+1094   	; 0xc82 <_Z12loadfontcharh+0x540>
 83c:	80 c0       	rjmp	.+256    	; 0x93e <_Z12loadfontcharh+0x1fc>
 83e:	8e 34       	cpi	r24, 0x4E	; 78
 840:	09 f4       	brne	.+2      	; 0x844 <_Z12loadfontcharh+0x102>
 842:	a7 c0       	rjmp	.+334    	; 0x992 <_Z12loadfontcharh+0x250>
 844:	8f 34       	cpi	r24, 0x4F	; 79
 846:	38 f4       	brcc	.+14     	; 0x856 <_Z12loadfontcharh+0x114>
 848:	8c 34       	cpi	r24, 0x4C	; 76
 84a:	09 f4       	brne	.+2      	; 0x84e <_Z12loadfontcharh+0x10c>
 84c:	8c c0       	rjmp	.+280    	; 0x966 <_Z12loadfontcharh+0x224>
 84e:	8d 34       	cpi	r24, 0x4D	; 77
 850:	09 f0       	breq	.+2      	; 0x854 <_Z12loadfontcharh+0x112>
 852:	17 c2       	rjmp	.+1070   	; 0xc82 <_Z12loadfontcharh+0x540>
 854:	90 c0       	rjmp	.+288    	; 0x976 <_Z12loadfontcharh+0x234>
 856:	8f 34       	cpi	r24, 0x4F	; 79
 858:	09 f4       	brne	.+2      	; 0x85c <_Z12loadfontcharh+0x11a>
 85a:	a3 c0       	rjmp	.+326    	; 0x9a2 <_Z12loadfontcharh+0x260>
 85c:	80 35       	cpi	r24, 0x50	; 80
 85e:	09 f0       	breq	.+2      	; 0x862 <_Z12loadfontcharh+0x120>
 860:	10 c2       	rjmp	.+1056   	; 0xc82 <_Z12loadfontcharh+0x540>
 862:	a8 c0       	rjmp	.+336    	; 0x9b4 <_Z12loadfontcharh+0x272>
 864:	87 35       	cpi	r24, 0x57	; 87
 866:	09 f4       	brne	.+2      	; 0x86a <_Z12loadfontcharh+0x128>
 868:	ee c0       	rjmp	.+476    	; 0xa46 <_Z12loadfontcharh+0x304>
 86a:	88 35       	cpi	r24, 0x58	; 88
 86c:	98 f4       	brcc	.+38     	; 0x894 <_Z12loadfontcharh+0x152>
 86e:	84 35       	cpi	r24, 0x54	; 84
 870:	09 f4       	brne	.+2      	; 0x874 <_Z12loadfontcharh+0x132>
 872:	ce c0       	rjmp	.+412    	; 0xa10 <_Z12loadfontcharh+0x2ce>
 874:	85 35       	cpi	r24, 0x55	; 85
 876:	38 f4       	brcc	.+14     	; 0x886 <_Z12loadfontcharh+0x144>
 878:	82 35       	cpi	r24, 0x52	; 82
 87a:	09 f4       	brne	.+2      	; 0x87e <_Z12loadfontcharh+0x13c>
 87c:	b4 c0       	rjmp	.+360    	; 0x9e6 <_Z12loadfontcharh+0x2a4>
 87e:	83 35       	cpi	r24, 0x53	; 83
 880:	09 f0       	breq	.+2      	; 0x884 <_Z12loadfontcharh+0x142>
 882:	ff c1       	rjmp	.+1022   	; 0xc82 <_Z12loadfontcharh+0x540>
 884:	b7 c0       	rjmp	.+366    	; 0x9f4 <_Z12loadfontcharh+0x2b2>
 886:	85 35       	cpi	r24, 0x55	; 85
 888:	09 f4       	brne	.+2      	; 0x88c <_Z12loadfontcharh+0x14a>
 88a:	c9 c0       	rjmp	.+402    	; 0xa1e <_Z12loadfontcharh+0x2dc>
 88c:	86 35       	cpi	r24, 0x56	; 86
 88e:	09 f0       	breq	.+2      	; 0x892 <_Z12loadfontcharh+0x150>
 890:	f8 c1       	rjmp	.+1008   	; 0xc82 <_Z12loadfontcharh+0x540>
 892:	cd c0       	rjmp	.+410    	; 0xa2e <_Z12loadfontcharh+0x2ec>
 894:	8a 35       	cpi	r24, 0x5A	; 90
 896:	09 f4       	brne	.+2      	; 0x89a <_Z12loadfontcharh+0x158>
 898:	fb c0       	rjmp	.+502    	; 0xa90 <_Z12loadfontcharh+0x34e>
 89a:	8b 35       	cpi	r24, 0x5B	; 91
 89c:	38 f4       	brcc	.+14     	; 0x8ac <_Z12loadfontcharh+0x16a>
 89e:	88 35       	cpi	r24, 0x58	; 88
 8a0:	09 f4       	brne	.+2      	; 0x8a4 <_Z12loadfontcharh+0x162>
 8a2:	dc c0       	rjmp	.+440    	; 0xa5c <_Z12loadfontcharh+0x31a>
 8a4:	89 35       	cpi	r24, 0x59	; 89
 8a6:	09 f0       	breq	.+2      	; 0x8aa <_Z12loadfontcharh+0x168>
 8a8:	ec c1       	rjmp	.+984    	; 0xc82 <_Z12loadfontcharh+0x540>
 8aa:	e6 c0       	rjmp	.+460    	; 0xa78 <_Z12loadfontcharh+0x336>
 8ac:	89 3c       	cpi	r24, 0xC9	; 201
 8ae:	09 f4       	brne	.+2      	; 0x8b2 <_Z12loadfontcharh+0x170>
 8b0:	4e c1       	rjmp	.+668    	; 0xb4e <_Z12loadfontcharh+0x40c>
 8b2:	80 3f       	cpi	r24, 0xF0	; 240
 8b4:	09 f0       	breq	.+2      	; 0x8b8 <_Z12loadfontcharh+0x176>
 8b6:	e5 c1       	rjmp	.+970    	; 0xc82 <_Z12loadfontcharh+0x540>
 8b8:	d3 c1       	rjmp	.+934    	; 0xc60 <_Z12loadfontcharh+0x51e>
 8ba:	80 e6       	ldi	r24, 0x60	; 96
 8bc:	80 93 8a 00 	sts	0x008A, r24
 8c0:	90 e9       	ldi	r25, 0x90	; 144
 8c2:	90 93 8b 00 	sts	0x008B, r25
 8c6:	80 ef       	ldi	r24, 0xF0	; 240
 8c8:	18 c0       	rjmp	.+48     	; 0x8fa <_Z12loadfontcharh+0x1b8>
 8ca:	80 ee       	ldi	r24, 0xE0	; 224
 8cc:	a0 c1       	rjmp	.+832    	; 0xc0e <_Z12loadfontcharh+0x4cc>
 8ce:	80 e7       	ldi	r24, 0x70	; 112
 8d0:	80 93 8a 00 	sts	0x008A, r24
 8d4:	90 e8       	ldi	r25, 0x80	; 128
 8d6:	69 c0       	rjmp	.+210    	; 0x9aa <_Z12loadfontcharh+0x268>
 8d8:	80 ee       	ldi	r24, 0xE0	; 224
 8da:	64 c0       	rjmp	.+200    	; 0x9a4 <_Z12loadfontcharh+0x262>
 8dc:	20 ef       	ldi	r18, 0xF0	; 240
 8de:	20 93 8a 00 	sts	0x008A, r18
 8e2:	90 e8       	ldi	r25, 0x80	; 128
 8e4:	90 93 8b 00 	sts	0x008B, r25
 8e8:	80 ee       	ldi	r24, 0xE0	; 224
 8ea:	5c c1       	rjmp	.+696    	; 0xba4 <_Z12loadfontcharh+0x462>
 8ec:	80 ef       	ldi	r24, 0xF0	; 240
 8ee:	80 93 8a 00 	sts	0x008A, r24
 8f2:	90 e8       	ldi	r25, 0x80	; 128
 8f4:	90 93 8b 00 	sts	0x008B, r25
 8f8:	80 ee       	ldi	r24, 0xE0	; 224
 8fa:	80 93 8c 00 	sts	0x008C, r24
 8fe:	90 93 8d 00 	sts	0x008D, r25
 902:	9b c1       	rjmp	.+822    	; 0xc3a <_Z12loadfontcharh+0x4f8>
 904:	80 e7       	ldi	r24, 0x70	; 112
 906:	80 93 8a 00 	sts	0x008A, r24
 90a:	80 e8       	ldi	r24, 0x80	; 128
 90c:	80 93 8b 00 	sts	0x008B, r24
 910:	80 eb       	ldi	r24, 0xB0	; 176
 912:	1a c0       	rjmp	.+52     	; 0x948 <_Z12loadfontcharh+0x206>
 914:	80 e9       	ldi	r24, 0x90	; 144
 916:	80 93 8a 00 	sts	0x008A, r24
 91a:	80 93 8b 00 	sts	0x008B, r24
 91e:	90 ef       	ldi	r25, 0xF0	; 240
 920:	90 93 8c 00 	sts	0x008C, r25
 924:	50 c0       	rjmp	.+160    	; 0x9c6 <_Z12loadfontcharh+0x284>
 926:	80 e8       	ldi	r24, 0x80	; 128
 928:	80 93 8a 00 	sts	0x008A, r24
 92c:	80 93 8b 00 	sts	0x008B, r24
 930:	80 93 8c 00 	sts	0x008C, r24
 934:	80 93 8d 00 	sts	0x008D, r24
 938:	80 93 8e 00 	sts	0x008E, r24
 93c:	de c0       	rjmp	.+444    	; 0xafa <_Z12loadfontcharh+0x3b8>
 93e:	80 e1       	ldi	r24, 0x10	; 16
 940:	80 93 8a 00 	sts	0x008A, r24
 944:	80 93 8b 00 	sts	0x008B, r24
 948:	80 93 8c 00 	sts	0x008C, r24
 94c:	80 e9       	ldi	r24, 0x90	; 144
 94e:	80 93 8d 00 	sts	0x008D, r24
 952:	80 e6       	ldi	r24, 0x60	; 96
 954:	81 c1       	rjmp	.+770    	; 0xc58 <_Z12loadfontcharh+0x516>
 956:	20 e9       	ldi	r18, 0x90	; 144
 958:	20 93 8a 00 	sts	0x008A, r18
 95c:	90 ea       	ldi	r25, 0xA0	; 160
 95e:	90 93 8b 00 	sts	0x008B, r25
 962:	80 ec       	ldi	r24, 0xC0	; 192
 964:	1f c1       	rjmp	.+574    	; 0xba4 <_Z12loadfontcharh+0x462>
 966:	80 e8       	ldi	r24, 0x80	; 128
 968:	80 93 8a 00 	sts	0x008A, r24
 96c:	80 93 8b 00 	sts	0x008B, r24
 970:	80 93 8c 00 	sts	0x008C, r24
 974:	0c c1       	rjmp	.+536    	; 0xb8e <_Z12loadfontcharh+0x44c>
 976:	98 e8       	ldi	r25, 0x88	; 136
 978:	90 93 8a 00 	sts	0x008A, r25
 97c:	88 ed       	ldi	r24, 0xD8	; 216
 97e:	80 93 8b 00 	sts	0x008B, r24
 982:	88 ea       	ldi	r24, 0xA8	; 168
 984:	80 93 8c 00 	sts	0x008C, r24
 988:	90 93 8d 00 	sts	0x008D, r25
 98c:	90 93 8e 00 	sts	0x008E, r25
 990:	84 c1       	rjmp	.+776    	; 0xc9a <_Z12loadfontcharh+0x558>
 992:	90 e9       	ldi	r25, 0x90	; 144
 994:	90 93 8a 00 	sts	0x008A, r25
 998:	80 ed       	ldi	r24, 0xD0	; 208
 99a:	80 93 8b 00 	sts	0x008B, r24
 99e:	80 eb       	ldi	r24, 0xB0	; 176
 9a0:	ac cf       	rjmp	.-168    	; 0x8fa <_Z12loadfontcharh+0x1b8>
 9a2:	80 e6       	ldi	r24, 0x60	; 96
 9a4:	80 93 8a 00 	sts	0x008A, r24
 9a8:	90 e9       	ldi	r25, 0x90	; 144
 9aa:	90 93 8b 00 	sts	0x008B, r25
 9ae:	90 93 8c 00 	sts	0x008C, r25
 9b2:	34 c1       	rjmp	.+616    	; 0xc1c <_Z12loadfontcharh+0x4da>
 9b4:	90 ee       	ldi	r25, 0xE0	; 224
 9b6:	90 93 8a 00 	sts	0x008A, r25
 9ba:	80 e9       	ldi	r24, 0x90	; 144
 9bc:	80 93 8b 00 	sts	0x008B, r24
 9c0:	90 93 8c 00 	sts	0x008C, r25
 9c4:	80 e8       	ldi	r24, 0x80	; 128
 9c6:	80 93 8d 00 	sts	0x008D, r24
 9ca:	46 c1       	rjmp	.+652    	; 0xc58 <_Z12loadfontcharh+0x516>
 9cc:	80 e7       	ldi	r24, 0x70	; 112
 9ce:	80 93 8a 00 	sts	0x008A, r24
 9d2:	88 e8       	ldi	r24, 0x88	; 136
 9d4:	80 93 8b 00 	sts	0x008B, r24
 9d8:	80 93 8c 00 	sts	0x008C, r24
 9dc:	80 e9       	ldi	r24, 0x90	; 144
 9de:	80 93 8d 00 	sts	0x008D, r24
 9e2:	88 e6       	ldi	r24, 0x68	; 104
 9e4:	58 c1       	rjmp	.+688    	; 0xc96 <_Z12loadfontcharh+0x554>
 9e6:	80 ee       	ldi	r24, 0xE0	; 224
 9e8:	80 93 8a 00 	sts	0x008A, r24
 9ec:	90 e9       	ldi	r25, 0x90	; 144
 9ee:	90 93 8b 00 	sts	0x008B, r25
 9f2:	83 cf       	rjmp	.-250    	; 0x8fa <_Z12loadfontcharh+0x1b8>
 9f4:	80 e7       	ldi	r24, 0x70	; 112
 9f6:	80 93 8a 00 	sts	0x008A, r24
 9fa:	80 e8       	ldi	r24, 0x80	; 128
 9fc:	80 93 8b 00 	sts	0x008B, r24
 a00:	80 e6       	ldi	r24, 0x60	; 96
 a02:	80 93 8c 00 	sts	0x008C, r24
 a06:	80 e1       	ldi	r24, 0x10	; 16
 a08:	80 93 8d 00 	sts	0x008D, r24
 a0c:	80 ee       	ldi	r24, 0xE0	; 224
 a0e:	24 c1       	rjmp	.+584    	; 0xc58 <_Z12loadfontcharh+0x516>
 a10:	88 ef       	ldi	r24, 0xF8	; 248
 a12:	80 93 8a 00 	sts	0x008A, r24
 a16:	80 e2       	ldi	r24, 0x20	; 32
 a18:	80 93 8b 00 	sts	0x008B, r24
 a1c:	34 c0       	rjmp	.+104    	; 0xa86 <_Z12loadfontcharh+0x344>
 a1e:	80 e9       	ldi	r24, 0x90	; 144
 a20:	80 93 8a 00 	sts	0x008A, r24
 a24:	80 93 8b 00 	sts	0x008B, r24
 a28:	80 93 8c 00 	sts	0x008C, r24
 a2c:	90 cf       	rjmp	.-224    	; 0x94e <_Z12loadfontcharh+0x20c>
 a2e:	88 e8       	ldi	r24, 0x88	; 136
 a30:	80 93 8a 00 	sts	0x008A, r24
 a34:	80 93 8b 00 	sts	0x008B, r24
 a38:	80 93 8c 00 	sts	0x008C, r24
 a3c:	80 e5       	ldi	r24, 0x50	; 80
 a3e:	80 93 8d 00 	sts	0x008D, r24
 a42:	80 e2       	ldi	r24, 0x20	; 32
 a44:	28 c1       	rjmp	.+592    	; 0xc96 <_Z12loadfontcharh+0x554>
 a46:	88 ea       	ldi	r24, 0xA8	; 168
 a48:	80 93 8a 00 	sts	0x008A, r24
 a4c:	80 93 8b 00 	sts	0x008B, r24
 a50:	80 93 8c 00 	sts	0x008C, r24
 a54:	80 93 8d 00 	sts	0x008D, r24
 a58:	80 e5       	ldi	r24, 0x50	; 80
 a5a:	1d c1       	rjmp	.+570    	; 0xc96 <_Z12loadfontcharh+0x554>
 a5c:	28 e8       	ldi	r18, 0x88	; 136
 a5e:	20 93 8a 00 	sts	0x008A, r18
 a62:	90 e5       	ldi	r25, 0x50	; 80
 a64:	90 93 8b 00 	sts	0x008B, r25
 a68:	80 e2       	ldi	r24, 0x20	; 32
 a6a:	80 93 8c 00 	sts	0x008C, r24
 a6e:	90 93 8d 00 	sts	0x008D, r25
 a72:	20 93 8e 00 	sts	0x008E, r18
 a76:	11 c1       	rjmp	.+546    	; 0xc9a <_Z12loadfontcharh+0x558>
 a78:	88 e8       	ldi	r24, 0x88	; 136
 a7a:	80 93 8a 00 	sts	0x008A, r24
 a7e:	80 e5       	ldi	r24, 0x50	; 80
 a80:	80 93 8b 00 	sts	0x008B, r24
 a84:	80 e2       	ldi	r24, 0x20	; 32
 a86:	80 93 8c 00 	sts	0x008C, r24
 a8a:	80 93 8d 00 	sts	0x008D, r24
 a8e:	03 c1       	rjmp	.+518    	; 0xc96 <_Z12loadfontcharh+0x554>
 a90:	90 ef       	ldi	r25, 0xF0	; 240
 a92:	90 93 8a 00 	sts	0x008A, r25
 a96:	80 e1       	ldi	r24, 0x10	; 16
 a98:	80 93 8b 00 	sts	0x008B, r24
 a9c:	80 e6       	ldi	r24, 0x60	; 96
 a9e:	80 93 8c 00 	sts	0x008C, r24
 aa2:	80 e8       	ldi	r24, 0x80	; 128
 aa4:	c8 c0       	rjmp	.+400    	; 0xc36 <_Z12loadfontcharh+0x4f4>
 aa6:	10 92 8a 00 	sts	0x008A, r1
 aaa:	10 92 8b 00 	sts	0x008B, r1
 aae:	10 92 8c 00 	sts	0x008C, r1
 ab2:	10 92 8d 00 	sts	0x008D, r1
 ab6:	10 92 8e 00 	sts	0x008E, r1
 aba:	47 c0       	rjmp	.+142    	; 0xb4a <_Z12loadfontcharh+0x408>
 abc:	80 e8       	ldi	r24, 0x80	; 128
 abe:	80 93 8a 00 	sts	0x008A, r24
 ac2:	80 93 8b 00 	sts	0x008B, r24
 ac6:	80 93 8c 00 	sts	0x008C, r24
 aca:	10 92 8d 00 	sts	0x008D, r1
 ace:	3b c0       	rjmp	.+118    	; 0xb46 <_Z12loadfontcharh+0x404>
 ad0:	80 e8       	ldi	r24, 0x80	; 128
 ad2:	80 93 8a 00 	sts	0x008A, r24
 ad6:	80 93 8b 00 	sts	0x008B, r24
 ada:	10 92 8c 00 	sts	0x008C, r1
 ade:	10 92 8d 00 	sts	0x008D, r1
 ae2:	09 c0       	rjmp	.+18     	; 0xaf6 <_Z12loadfontcharh+0x3b4>
 ae4:	10 92 8a 00 	sts	0x008A, r1
 ae8:	80 e8       	ldi	r24, 0x80	; 128
 aea:	80 93 8b 00 	sts	0x008B, r24
 aee:	10 92 8c 00 	sts	0x008C, r1
 af2:	80 93 8d 00 	sts	0x008D, r24
 af6:	10 92 8e 00 	sts	0x008E, r1
 afa:	82 e0       	ldi	r24, 0x02	; 2
 afc:	cf c0       	rjmp	.+414    	; 0xc9c <_Z12loadfontcharh+0x55a>
 afe:	80 e2       	ldi	r24, 0x20	; 32
 b00:	01 c0       	rjmp	.+2      	; 0xb04 <_Z12loadfontcharh+0x3c2>
 b02:	80 e8       	ldi	r24, 0x80	; 128
 b04:	80 93 8a 00 	sts	0x008A, r24
 b08:	90 e4       	ldi	r25, 0x40	; 64
 b0a:	90 93 8b 00 	sts	0x008B, r25
 b0e:	90 93 8c 00 	sts	0x008C, r25
 b12:	90 93 8d 00 	sts	0x008D, r25
 b16:	17 c0       	rjmp	.+46     	; 0xb46 <_Z12loadfontcharh+0x404>
 b18:	10 92 8a 00 	sts	0x008A, r1
 b1c:	10 92 8b 00 	sts	0x008B, r1
 b20:	10 92 8c 00 	sts	0x008C, r1
 b24:	80 e4       	ldi	r24, 0x40	; 64
 b26:	80 93 8d 00 	sts	0x008D, r24
 b2a:	80 e8       	ldi	r24, 0x80	; 128
 b2c:	80 93 8e 00 	sts	0x008E, r24
 b30:	83 e0       	ldi	r24, 0x03	; 3
 b32:	b4 c0       	rjmp	.+360    	; 0xc9c <_Z12loadfontcharh+0x55a>
 b34:	10 92 8a 00 	sts	0x008A, r1
 b38:	10 92 8b 00 	sts	0x008B, r1
 b3c:	10 92 8c 00 	sts	0x008C, r1
 b40:	10 92 8d 00 	sts	0x008D, r1
 b44:	80 e8       	ldi	r24, 0x80	; 128
 b46:	80 93 8e 00 	sts	0x008E, r24
 b4a:	84 e0       	ldi	r24, 0x04	; 4
 b4c:	a7 c0       	rjmp	.+334    	; 0xc9c <_Z12loadfontcharh+0x55a>
 b4e:	10 92 8a 00 	sts	0x008A, r1
 b52:	10 92 8b 00 	sts	0x008B, r1
 b56:	10 92 8c 00 	sts	0x008C, r1
 b5a:	10 92 8d 00 	sts	0x008D, r1
 b5e:	88 ea       	ldi	r24, 0xA8	; 168
 b60:	9a c0       	rjmp	.+308    	; 0xc96 <_Z12loadfontcharh+0x554>
 b62:	90 e2       	ldi	r25, 0x20	; 32
 b64:	90 93 8a 00 	sts	0x008A, r25
 b68:	80 e6       	ldi	r24, 0x60	; 96
 b6a:	80 93 8b 00 	sts	0x008B, r24
 b6e:	90 93 8c 00 	sts	0x008C, r25
 b72:	90 93 8d 00 	sts	0x008D, r25
 b76:	80 e7       	ldi	r24, 0x70	; 112
 b78:	6f c0       	rjmp	.+222    	; 0xc58 <_Z12loadfontcharh+0x516>
 b7a:	80 ee       	ldi	r24, 0xE0	; 224
 b7c:	80 93 8a 00 	sts	0x008A, r24
 b80:	80 e1       	ldi	r24, 0x10	; 16
 b82:	80 93 8b 00 	sts	0x008B, r24
 b86:	80 e6       	ldi	r24, 0x60	; 96
 b88:	80 93 8c 00 	sts	0x008C, r24
 b8c:	80 e8       	ldi	r24, 0x80	; 128
 b8e:	80 93 8d 00 	sts	0x008D, r24
 b92:	80 ef       	ldi	r24, 0xF0	; 240
 b94:	61 c0       	rjmp	.+194    	; 0xc58 <_Z12loadfontcharh+0x516>
 b96:	20 ee       	ldi	r18, 0xE0	; 224
 b98:	20 93 8a 00 	sts	0x008A, r18
 b9c:	90 e1       	ldi	r25, 0x10	; 16
 b9e:	90 93 8b 00 	sts	0x008B, r25
 ba2:	80 e6       	ldi	r24, 0x60	; 96
 ba4:	80 93 8c 00 	sts	0x008C, r24
 ba8:	90 93 8d 00 	sts	0x008D, r25
 bac:	20 93 8e 00 	sts	0x008E, r18
 bb0:	55 c0       	rjmp	.+170    	; 0xc5c <_Z12loadfontcharh+0x51a>
 bb2:	80 e9       	ldi	r24, 0x90	; 144
 bb4:	80 93 8a 00 	sts	0x008A, r24
 bb8:	80 93 8b 00 	sts	0x008B, r24
 bbc:	80 ef       	ldi	r24, 0xF0	; 240
 bbe:	80 93 8c 00 	sts	0x008C, r24
 bc2:	80 e1       	ldi	r24, 0x10	; 16
 bc4:	00 cf       	rjmp	.-512    	; 0x9c6 <_Z12loadfontcharh+0x284>
 bc6:	80 ef       	ldi	r24, 0xF0	; 240
 bc8:	80 93 8a 00 	sts	0x008A, r24
 bcc:	80 e8       	ldi	r24, 0x80	; 128
 bce:	80 93 8b 00 	sts	0x008B, r24
 bd2:	90 ee       	ldi	r25, 0xE0	; 224
 bd4:	90 93 8c 00 	sts	0x008C, r25
 bd8:	2d c0       	rjmp	.+90     	; 0xc34 <_Z12loadfontcharh+0x4f2>
 bda:	90 e6       	ldi	r25, 0x60	; 96
 bdc:	90 93 8a 00 	sts	0x008A, r25
 be0:	80 e8       	ldi	r24, 0x80	; 128
 be2:	80 93 8b 00 	sts	0x008B, r24
 be6:	80 ee       	ldi	r24, 0xE0	; 224
 be8:	80 93 8c 00 	sts	0x008C, r24
 bec:	80 e9       	ldi	r24, 0x90	; 144
 bee:	23 c0       	rjmp	.+70     	; 0xc36 <_Z12loadfontcharh+0x4f4>
 bf0:	80 ef       	ldi	r24, 0xF0	; 240
 bf2:	80 93 8a 00 	sts	0x008A, r24
 bf6:	80 e1       	ldi	r24, 0x10	; 16
 bf8:	80 93 8b 00 	sts	0x008B, r24
 bfc:	80 e2       	ldi	r24, 0x20	; 32
 bfe:	80 93 8c 00 	sts	0x008C, r24
 c02:	80 e4       	ldi	r24, 0x40	; 64
 c04:	80 93 8d 00 	sts	0x008D, r24
 c08:	80 e8       	ldi	r24, 0x80	; 128
 c0a:	26 c0       	rjmp	.+76     	; 0xc58 <_Z12loadfontcharh+0x516>
 c0c:	80 e6       	ldi	r24, 0x60	; 96
 c0e:	80 93 8a 00 	sts	0x008A, r24
 c12:	90 e9       	ldi	r25, 0x90	; 144
 c14:	90 93 8b 00 	sts	0x008B, r25
 c18:	80 93 8c 00 	sts	0x008C, r24
 c1c:	90 93 8d 00 	sts	0x008D, r25
 c20:	1b c0       	rjmp	.+54     	; 0xc58 <_Z12loadfontcharh+0x516>
 c22:	90 e6       	ldi	r25, 0x60	; 96
 c24:	90 93 8a 00 	sts	0x008A, r25
 c28:	80 e9       	ldi	r24, 0x90	; 144
 c2a:	80 93 8b 00 	sts	0x008B, r24
 c2e:	80 e7       	ldi	r24, 0x70	; 112
 c30:	80 93 8c 00 	sts	0x008C, r24
 c34:	80 e1       	ldi	r24, 0x10	; 16
 c36:	80 93 8d 00 	sts	0x008D, r24
 c3a:	90 93 8e 00 	sts	0x008E, r25
 c3e:	0e c0       	rjmp	.+28     	; 0xc5c <_Z12loadfontcharh+0x51a>
 c40:	80 ee       	ldi	r24, 0xE0	; 224
 c42:	80 93 8a 00 	sts	0x008A, r24
 c46:	80 e1       	ldi	r24, 0x10	; 16
 c48:	80 93 8b 00 	sts	0x008B, r24
 c4c:	80 e6       	ldi	r24, 0x60	; 96
 c4e:	80 93 8c 00 	sts	0x008C, r24
 c52:	10 92 8d 00 	sts	0x008D, r1
 c56:	80 e4       	ldi	r24, 0x40	; 64
 c58:	80 93 8e 00 	sts	0x008E, r24
 c5c:	85 e0       	ldi	r24, 0x05	; 5
 c5e:	1e c0       	rjmp	.+60     	; 0xc9c <_Z12loadfontcharh+0x55a>
 c60:	8c e6       	ldi	r24, 0x6C	; 108
 c62:	80 93 8a 00 	sts	0x008A, r24
 c66:	82 e9       	ldi	r24, 0x92	; 146
 c68:	80 93 8b 00 	sts	0x008B, r24
 c6c:	84 e4       	ldi	r24, 0x44	; 68
 c6e:	80 93 8c 00 	sts	0x008C, r24
 c72:	88 e2       	ldi	r24, 0x28	; 40
 c74:	80 93 8d 00 	sts	0x008D, r24
 c78:	80 e1       	ldi	r24, 0x10	; 16
 c7a:	80 93 8e 00 	sts	0x008E, r24
 c7e:	88 e0       	ldi	r24, 0x08	; 8
 c80:	0d c0       	rjmp	.+26     	; 0xc9c <_Z12loadfontcharh+0x55a>
 c82:	88 ea       	ldi	r24, 0xA8	; 168
 c84:	80 93 8a 00 	sts	0x008A, r24
 c88:	90 e5       	ldi	r25, 0x50	; 80
 c8a:	90 93 8b 00 	sts	0x008B, r25
 c8e:	80 93 8c 00 	sts	0x008C, r24
 c92:	90 93 8d 00 	sts	0x008D, r25
 c96:	80 93 8e 00 	sts	0x008E, r24
 c9a:	86 e0       	ldi	r24, 0x06	; 6
 c9c:	80 93 8f 00 	sts	0x008F, r24
 ca0:	08 95       	ret

00000ca2 <_exit>:
 ca2:	f8 94       	cli

00000ca4 <__stop_program>:
 ca4:	ff cf       	rjmp	.-2      	; 0xca4 <__stop_program>
